[2025-05-13 23:36:35,014][INFO]:  Importing File: Z:/Projekte/OpenHornet/OpenHornet/ECAD/PCBs/ABSIS/ABSIS_ALE/ABSIS_ALE.kicad_pro
[2025-05-13 23:36:35,065][INFO]:  Processing documents list
[2025-05-13 23:36:35,065][INFO]:  Reading document: ABSIS_ALE.kicad_pro
[2025-05-13 23:36:35,065][INFO]:  Converting document: 'Z:/Projekte/OpenHornet/OpenHornet/ECAD/PCBs/ABSIS/ABSIS_ALE/ABSIS_ALE.kicad_pro'
[2025-05-13 23:36:35,065][INFO]:  Finished processing document: 'Z:/Projekte/OpenHornet/OpenHornet/ECAD/PCBs/ABSIS/ABSIS_ALE/ABSIS_ALE.kicad_pro'
[2025-05-13 23:36:35,066][INFO]:  Reading document: ABSIS_ALE.kicad_pcb
[2025-05-13 23:36:35,083][WARN]:  KiCad PCB Board Reader: Unsupported keyword: 'tenting' of parentNode 'setup' at line: 42
[2025-05-13 23:36:35,084][WARN]:  KiCad PCB Board Reader: Unsupported keyword: 'embedded_fonts' of parentNode 'footprint' at line: 187
[2025-05-13 23:36:35,084][WARN]:  KiCad PCB Board Reader: Unsupported keyword: 'embedded_fonts' of parentNode 'footprint' at line: 255
[2025-05-13 23:36:35,084][WARN]:  KiCad PCB Board Reader: Unsupported keyword: 'embedded_fonts' of parentNode 'footprint' at line: 323
[2025-05-13 23:36:35,084][WARN]:  KiCad PCB Board Reader: Unsupported keyword: 'embedded_fonts' of parentNode 'footprint' at line: 537
[2025-05-13 23:36:35,084][WARN]:  KiCad PCB Board Reader: Unsupported keyword: 'embedded_fonts' of parentNode 'footprint' at line: 1451
[2025-05-13 23:36:35,085][WARN]:  KiCad PCB Board Reader: Unsupported keyword: 'embedded_fonts' of parentNode 'footprint' at line: 2365
[2025-05-13 23:36:35,085][WARN]:  KiCad PCB Board Reader: Unsupported keyword: 'embedded_fonts' of parentNode 'footprint' at line: 2681
[2025-05-13 23:36:35,085][WARN]:  KiCad PCB Board Reader: Unsupported keyword: 'embedded_fonts' of parentNode 'footprint' at line: 2760
[2025-05-13 23:36:35,085][WARN]:  KiCad PCB Board Reader: Unsupported keyword: 'embedded_fonts' of parentNode 'footprint' at line: 3349
[2025-05-13 23:36:35,087][WARN]:  KiCad PCB Board Reader: Unsupported keyword: 'embedded_fonts' of parentNode 'footprint' at line: 4037
[2025-05-13 23:36:35,087][WARN]:  KiCad PCB Board Reader: Unsupported keyword: 'embedded_fonts' of parentNode 'footprint' at line: 4293
[2025-05-13 23:36:35,087][WARN]:  KiCad PCB Board Reader: Unsupported keyword: 'embedded_fonts' of parentNode 'footprint' at line: 4648
[2025-05-13 23:36:35,087][WARN]:  KiCad PCB Board Reader: Unsupported keyword: 'embedded_fonts' of parentNode 'footprint' at line: 4847
[2025-05-13 23:36:35,088][WARN]:  KiCad PCB Board Reader: Unsupported keyword: 'embedded_fonts' of parentNode 'footprint' at line: 5111
[2025-05-13 23:36:35,088][WARN]:  KiCad PCB Board Reader: Unsupported keyword: 'embedded_fonts' of parentNode 'footprint' at line: 5325
[2025-05-13 23:36:35,088][WARN]:  KiCad PCB Board Reader: Unsupported keyword: 'embedded_fonts' of parentNode 'footprint' at line: 5589
[2025-05-13 23:36:35,088][WARN]:  KiCad PCB Board Reader: Unsupported keyword: 'embedded_fonts' of parentNode 'footprint' at line: 5803
[2025-05-13 23:36:35,088][WARN]:  KiCad PCB Board Reader: Unsupported keyword: 'embedded_fonts' of parentNode 'footprint' at line: 6067
[2025-05-13 23:36:35,088][WARN]:  KiCad PCB Board Reader: Unsupported keyword: 'embedded_fonts' of parentNode 'footprint' at line: 6351
[2025-05-13 23:36:35,088][WARN]:  KiCad PCB Board Reader: Unsupported keyword: 'embedded_fonts' of parentNode 'footprint' at line: 6576
[2025-05-13 23:36:35,088][WARN]:  KiCad PCB Board Reader: Unsupported keyword: 'embedded_fonts' of parentNode 'footprint' at line: 6875
[2025-05-13 23:36:35,088][WARN]:  KiCad PCB Board Reader: Unsupported keyword: 'embedded_fonts' of parentNode 'footprint' at line: 7074
[2025-05-13 23:36:35,088][WARN]:  KiCad PCB Board Reader: Unsupported keyword: 'embedded_fonts' of parentNode 'footprint' at line: 7299
[2025-05-13 23:36:35,088][WARN]:  KiCad PCB Board Reader: Unsupported keyword: 'embedded_fonts' of parentNode 'footprint' at line: 7524
[2025-05-13 23:36:35,089][WARN]:  KiCad PCB Board Reader: Unsupported keyword: 'embedded_fonts' of parentNode 'footprint' at line: 7725
[2025-05-13 23:36:35,089][WARN]:  KiCad PCB Board Reader: Unsupported keyword: 'embedded_fonts' of parentNode 'footprint' at line: 8151
[2025-05-13 23:36:35,089][WARN]:  KiCad PCB Board Reader: Unsupported keyword: 'embedded_fonts' of parentNode 'footprint' at line: 8491
[2025-05-13 23:36:35,089][WARN]:  KiCad PCB Board Reader: Unsupported keyword: 'embedded_fonts' of parentNode 'footprint' at line: 8828
[2025-05-13 23:36:35,090][WARN]:  KiCad PCB Board Reader: Unsupported keyword: 'embedded_fonts' of parentNode 'footprint' at line: 9517
[2025-05-13 23:36:35,091][WARN]:  KiCad PCB Board Reader: Unsupported keyword: 'embedded_fonts' of parentNode 'footprint' at line: 9932
[2025-05-13 23:36:35,091][WARN]:  KiCad PCB Board Reader: Unsupported keyword: 'dimension' of parentNode 'kicad_pcb' at line: 10587
[2025-05-13 23:36:35,091][WARN]:  KiCad PCB Board Reader: Unsupported keyword: 'dimension' of parentNode 'kicad_pcb' at line: 10623
[2025-05-13 23:36:35,091][WARN]:  KiCad PCB Board Reader: Unsupported keyword: 'dimension' of parentNode 'kicad_pcb' at line: 10659
[2025-05-13 23:36:35,091][WARN]:  KiCad PCB Board Reader: Unsupported keyword: 'dimension' of parentNode 'kicad_pcb' at line: 10695
[2025-05-13 23:36:35,091][WARN]:  KiCad PCB Board Reader: Unsupported keyword: 'dimension' of parentNode 'kicad_pcb' at line: 10731
[2025-05-13 23:36:35,091][WARN]:  KiCad PCB Board Reader: Unsupported keyword: 'dimension' of parentNode 'kicad_pcb' at line: 10767
[2025-05-13 23:36:35,091][WARN]:  KiCad PCB Board Reader: Unsupported keyword: 'embedded_fonts' of parentNode 'kicad_pcb' at line: 14322
[2025-05-13 23:36:35,094][INFO]:  Converting document: 'Z:/Projekte/OpenHornet/OpenHornet/ECAD/PCBs/ABSIS/ABSIS_ALE/ABSIS_ALE.kicad_pcb'
[2025-05-13 23:36:35,113][INFO]:  KiCad Pcb Converter: Attribute name 'Datasheet' from line 355 need to be changed to 'DATASHEET'
[2025-05-13 23:36:35,114][INFO]:  KiCad Pcb Converter: Attribute name 'Manufacturer PN' from line 391 need to be changed to 'MANUFACTURER_PN'
[2025-05-13 23:36:35,118][WARN]:  KiCad Footprint Converter: Rounded rectangular pads are not supported. Importing pad from line '1384' as regular square pad.
[2025-05-13 23:36:35,119][INFO]:  KiCad Pcb Converter: Attribute name 'Datasheet' from line 580 need to be changed to 'DATASHEET'
[2025-05-13 23:36:35,120][INFO]:  KiCad Pcb Converter: Attribute name 'Manufacturer PN' from line 616 need to be changed to 'MANUFACTURER_PN'
[2025-05-13 23:36:35,121][INFO]:  KiCad Pcb Converter: Attribute name 'Silkscreen' from line 628 need to be changed to 'SILKSCREEN'
[2025-05-13 23:36:35,122][INFO]:  KiCad Pcb Converter: Attribute name 'Datasheet' from line 1494 need to be changed to 'DATASHEET'
[2025-05-13 23:36:35,123][INFO]:  KiCad Pcb Converter: Attribute name 'Manufacturer PN' from line 1530 need to be changed to 'MANUFACTURER_PN'
[2025-05-13 23:36:35,123][INFO]:  KiCad Pcb Converter: Attribute name 'Silkscreen' from line 1542 need to be changed to 'SILKSCREEN'
[2025-05-13 23:36:35,125][INFO]:  KiCad Pcb Converter: Attribute name 'Datasheet' from line 2407 need to be changed to 'DATASHEET'
[2025-05-13 23:36:35,126][INFO]:  KiCad Pcb Converter: Attribute name 'Manufacturer PN' from line 2443 need to be changed to 'MANUFACTURER_PN'
[2025-05-13 23:36:35,127][INFO]:  KiCad Pcb Converter: Attribute name 'Datasheet' from line 2790 need to be changed to 'DATASHEET'
[2025-05-13 23:36:35,128][INFO]:  KiCad Pcb Converter: Attribute name 'Manufacturer PN' from line 2826 need to be changed to 'MANUFACTURER_PN'
[2025-05-13 23:36:35,129][WARN]:  Component 'LOGO2' at line '3362' has a 'Not in schematic' flag, meaning it has no matching schematic component. This can cause an issue in Fusion
[2025-05-13 23:36:35,142][INFO]:  KiCad Pcb Converter: Attribute name 'Datasheet' from line 3391 need to be changed to 'DATASHEET'
[2025-05-13 23:36:35,144][WARN]:  KiCad Footprint Converter: Custom Shape pads are not supported. Importing pad from line '4221' as regular round pad. Pad geometries will be translated as footprint geometries.
[2025-05-13 23:36:35,144][WARN]:  KiCad Footprint Converter: Custom Shape pads are not supported. Importing pad from line '4257' as regular round pad. Pad geometries will be translated as footprint geometries.
[2025-05-13 23:36:35,147][INFO]:  KiCad Pcb Converter: Attribute name 'Datasheet' from line 4323 need to be changed to 'DATASHEET'
[2025-05-13 23:36:35,147][INFO]:  KiCad Pcb Converter: Attribute name 'Description' from line 4335 need to be changed to 'DESCRIPTION'
[2025-05-13 23:36:35,149][INFO]:  KiCad Pcb Converter: Attribute name 'Description' from line 4701 need to be changed to 'DESCRIPTION'
[2025-05-13 23:36:35,150][INFO]:  KiCad Pcb Converter: Attribute name 'Datasheet' from line 5141 need to be changed to 'DATASHEET'
[2025-05-13 23:36:35,151][INFO]:  KiCad Pcb Converter: Attribute name 'Manufacturer PN' from line 5178 need to be changed to 'MANUFACTURER_PN'
[2025-05-13 23:36:35,153][INFO]:  KiCad Pcb Converter: Attribute name 'Datasheet' from line 5619 need to be changed to 'DATASHEET'
[2025-05-13 23:36:35,153][INFO]:  KiCad Pcb Converter: Attribute name 'Description' from line 5631 need to be changed to 'DESCRIPTION'
[2025-05-13 23:36:35,153][INFO]:  KiCad Pcb Converter: Attribute name 'Manufacturer PN' from line 5656 need to be changed to 'MANUFACTURER_PN'
[2025-05-13 23:36:35,155][INFO]:  KiCad Pcb Converter: Attribute name 'Datasheet' from line 6097 need to be changed to 'DATASHEET'
[2025-05-13 23:36:35,155][INFO]:  KiCad Pcb Converter: Attribute name 'Description' from line 6109 need to be changed to 'DESCRIPTION'
[2025-05-13 23:36:35,155][INFO]:  KiCad Pcb Converter: Attribute name 'Manufacturer PN' from line 6133 need to be changed to 'MANUFACTURER_PN'
[2025-05-13 23:36:35,156][INFO]:  KiCad Pcb Converter: Attribute name 'Datasheet' from line 6392 need to be changed to 'DATASHEET'
[2025-05-13 23:36:35,156][INFO]:  KiCad Pcb Converter: Attribute name 'Description' from line 6404 need to be changed to 'DESCRIPTION'
[2025-05-13 23:36:35,157][INFO]:  KiCad Pcb Converter: Attribute name 'Manufacturer PN' from line 6429 need to be changed to 'MANUFACTURER_PN'
[2025-05-13 23:36:35,157][INFO]:  KiCad Pcb Converter: Attribute name 'Datasheet' from line 6617 need to be changed to 'DATASHEET'
[2025-05-13 23:36:35,157][INFO]:  KiCad Pcb Converter: Attribute name 'Description' from line 6630 need to be changed to 'DESCRIPTION'
[2025-05-13 23:36:35,158][INFO]:  KiCad Pcb Converter: Attribute name 'Manufacturer PN' from line 6656 need to be changed to 'MANUFACTURER_PN'
[2025-05-13 23:36:35,158][INFO]:  KiCad Pcb Converter: Attribute name 'Description' from line 6928 need to be changed to 'DESCRIPTION'
[2025-05-13 23:36:35,159][INFO]:  KiCad Pcb Converter: Attribute name 'Datasheet' from line 7115 need to be changed to 'DATASHEET'
[2025-05-13 23:36:35,160][INFO]:  KiCad Pcb Converter: Attribute name 'Description' from line 7127 need to be changed to 'DESCRIPTION'
[2025-05-13 23:36:35,160][INFO]:  KiCad Pcb Converter: Attribute name 'Manufacturer PN' from line 7152 need to be changed to 'MANUFACTURER_PN'
[2025-05-13 23:36:35,161][INFO]:  KiCad Pcb Converter: Attribute name 'Datasheet' from line 7340 need to be changed to 'DATASHEET'
[2025-05-13 23:36:35,161][INFO]:  KiCad Pcb Converter: Attribute name 'Manufacturer PN' from line 7377 need to be changed to 'MANUFACTURER_PN'
[2025-05-13 23:36:35,162][INFO]:  KiCad Pcb Converter: Attribute name 'Datasheet' from line 7565 need to be changed to 'DATASHEET'
[2025-05-13 23:36:35,162][INFO]:  KiCad Pcb Converter: Attribute name 'Description' from line 7577 need to be changed to 'DESCRIPTION'
[2025-05-13 23:36:35,164][INFO]:  KiCad Pcb Converter: Attribute name 'Datasheet' from line 7769 need to be changed to 'DATASHEET'
[2025-05-13 23:36:35,165][INFO]:  KiCad Pcb Converter: Attribute name 'Manufacturer PN' from line 7806 need to be changed to 'MANUFACTURER_PN'
[2025-05-13 23:36:35,165][INFO]:  KiCad Pcb Converter: Attribute name 'Silkscreen' from line 7819 need to be changed to 'SILKSCREEN'
[2025-05-13 23:36:35,167][INFO]:  KiCad Pcb Converter: Attribute name 'Datasheet' from line 8195 need to be changed to 'DATASHEET'
[2025-05-13 23:36:35,168][INFO]:  KiCad Pcb Converter: Attribute name 'Manufacturer PN' from line 8232 need to be changed to 'MANUFACTURER_PN'
[2025-05-13 23:36:35,169][INFO]:  KiCad Pcb Converter: Attribute name 'Silkscreen' from line 8245 need to be changed to 'SILKSCREEN'
[2025-05-13 23:36:35,170][INFO]:  KiCad Pcb Converter: Attribute name 'Datasheet' from line 8534 need to be changed to 'DATASHEET'
[2025-05-13 23:36:35,171][INFO]:  KiCad Pcb Converter: Attribute name 'Manufacturer PN' from line 8571 need to be changed to 'MANUFACTURER_PN'
[2025-05-13 23:36:35,171][INFO]:  KiCad Pcb Converter: Attribute name 'Silkscreen' from line 8584 need to be changed to 'SILKSCREEN'
[2025-05-13 23:36:35,172][WARN]:  Component 'LOGO1' at line '8841' has a 'Not in schematic' flag, meaning it has no matching schematic component. This can cause an issue in Fusion
[2025-05-13 23:36:35,175][INFO]:  KiCad Pcb Converter: Attribute name 'Datasheet' from line 8872 need to be changed to 'DATASHEET'
[2025-05-13 23:36:35,178][INFO]:  KiCad Pcb Converter: Attribute name 'Datasheet' from line 9550 need to be changed to 'DATASHEET'
[2025-05-13 23:36:35,178][INFO]:  KiCad Pcb Converter: Attribute name 'Manufacturer PN' from line 9587 need to be changed to 'MANUFACTURER_PN'
[2025-05-13 23:36:35,179][INFO]:  KiCad Pcb Converter: Attribute name 'Silkscreen' from line 9600 need to be changed to 'SILKSCREEN'
[2025-05-13 23:36:35,248][INFO]:  Finished processing document: 'Z:/Projekte/OpenHornet/OpenHornet/ECAD/PCBs/ABSIS/ABSIS_ALE/ABSIS_ALE.kicad_pcb'
[2025-05-13 23:36:35,248][INFO]:  Reading document: ABSIS_ALE.kicad_sch
[2025-05-13 23:36:35,248][WARN]:  KiCad Schematic Reader: Unsupported keyword: 'embedded_fonts' of parentNode 'symbol' at line: 152
[2025-05-13 23:36:35,248][WARN]:  KiCad Schematic Reader: Unsupported keyword: 'embedded_fonts' of parentNode 'symbol' at line: 302
[2025-05-13 23:36:35,248][WARN]:  KiCad Schematic Reader: Unsupported keyword: 'embedded_fonts' of parentNode 'symbol' at line: 464
[2025-05-13 23:36:35,248][WARN]:  KiCad Schematic Reader: Unsupported keyword: 'embedded_fonts' of parentNode 'symbol' at line: 613
[2025-05-13 23:36:35,248][WARN]:  KiCad Schematic Reader: Unsupported keyword: 'embedded_fonts' of parentNode 'symbol' at line: 737
[2025-05-13 23:36:35,248][WARN]:  KiCad Schematic Reader: Unsupported keyword: 'embedded_fonts' of parentNode 'symbol' at line: 838
[2025-05-13 23:36:35,248][WARN]:  KiCad Schematic Reader: Unsupported keyword: 'embedded_fonts' of parentNode 'symbol' at line: 995
[2025-05-13 23:36:35,249][WARN]:  KiCad Schematic Reader: Unsupported keyword: 'embedded_fonts' of parentNode 'symbol' at line: 1414
[2025-05-13 23:36:35,249][WARN]:  KiCad Schematic Reader: Unsupported keyword: 'embedded_fonts' of parentNode 'symbol' at line: 1940
[2025-05-13 23:36:35,249][WARN]:  KiCad Schematic Reader: Unsupported keyword: 'embedded_fonts' of parentNode 'symbol' at line: 2123
[2025-05-13 23:36:35,249][WARN]:  KiCad Schematic Reader: Unsupported keyword: 'embedded_fonts' of parentNode 'symbol' at line: 2220
[2025-05-13 23:36:35,249][WARN]:  KiCad Schematic Reader: Unsupported keyword: 'embedded_fonts' of parentNode 'symbol' at line: 2503
[2025-05-13 23:36:35,249][WARN]:  KiCad Schematic Reader: Unsupported keyword: 'embedded_fonts' of parentNode 'symbol' at line: 2604
[2025-05-13 23:36:35,249][WARN]:  KiCad Schematic Reader: Unsupported keyword: 'embedded_fonts' of parentNode 'symbol' at line: 2887
[2025-05-13 23:36:35,249][WARN]:  KiCad Schematic Reader: Unsupported keyword: 'embedded_fonts' of parentNode 'symbol' at line: 3112
[2025-05-13 23:36:35,249][WARN]:  KiCad Schematic Reader: Unsupported keyword: 'embedded_fonts' of parentNode 'symbol' at line: 3569
[2025-05-13 23:36:35,249][WARN]:  KiCad Schematic Reader: Unsupported keyword: 'embedded_fonts' of parentNode 'symbol' at line: 3670
[2025-05-13 23:36:35,249][WARN]:  KiCad Schematic Reader: Unsupported keyword: 'embedded_fonts' of parentNode 'symbol' at line: 3848
[2025-05-13 23:36:35,249][WARN]:  KiCad Schematic Reader: Unsupported keyword: 'hide' of parentNode 'pin' at line: 3953
[2025-05-13 23:36:35,249][WARN]:  KiCad Schematic Reader: Unsupported keyword: 'embedded_fonts' of parentNode 'symbol' at line: 3970
[2025-05-13 23:36:35,249][WARN]:  KiCad Schematic Reader: Unsupported keyword: 'hide' of parentNode 'pin' at line: 4075
[2025-05-13 23:36:35,249][WARN]:  KiCad Schematic Reader: Unsupported keyword: 'embedded_fonts' of parentNode 'symbol' at line: 4092
[2025-05-13 23:36:35,250][WARN]:  KiCad Schematic Reader: Unsupported keyword: 'hide' of parentNode 'pin' at line: 4197
[2025-05-13 23:36:35,250][WARN]:  KiCad Schematic Reader: Unsupported keyword: 'embedded_fonts' of parentNode 'symbol' at line: 4214
[2025-05-13 23:36:35,250][WARN]:  KiCad Schematic Reader: Unsupported keyword: 'hide' of parentNode 'pin' at line: 4295
[2025-05-13 23:36:35,250][WARN]:  KiCad Schematic Reader: Unsupported keyword: 'embedded_fonts' of parentNode 'symbol' at line: 4312
[2025-05-13 23:36:35,250][WARN]:  KiCad Schematic Reader: Unsupported keyword: 'embedded_fonts' of parentNode 'symbol' at line: 4413
[2025-05-13 23:36:35,250][WARN]:  KiCad Schematic Reader: Unsupported keyword: 'embedded_fonts' of parentNode 'symbol' at line: 4538
[2025-05-13 23:36:35,250][WARN]:  KiCad Schematic Reader: Unsupported keyword: 'margins' of parentNode 'text_box' at line: 4580
[2025-05-13 23:36:35,250][WARN]:  KiCad Schematic Reader: Unsupported keyword: 'margins' of parentNode 'text_box' at line: 4600
[2025-05-13 23:36:35,250][WARN]:  KiCad Schematic Reader: Unsupported keyword: 'margins' of parentNode 'text_box' at line: 4620
[2025-05-13 23:36:35,250][WARN]:  KiCad Schematic Reader: Unsupported keyword: 'margins' of parentNode 'text_box' at line: 4640
[2025-05-13 23:36:35,250][WARN]:  KiCad Schematic Reader: Unsupported keyword: 'margins' of parentNode 'text_box' at line: 4660
[2025-05-13 23:36:35,251][WARN]:  KiCad Schematic Reader: Unsupported keyword: 'margins' of parentNode 'text_box' at line: 4680
[2025-05-13 23:36:35,251][WARN]:  KiCad Schematic Reader: Unsupported keyword: 'margins' of parentNode 'text_box' at line: 4700
[2025-05-13 23:36:35,251][WARN]:  KiCad Schematic Reader: Unsupported keyword: 'margins' of parentNode 'text_box' at line: 4722
[2025-05-13 23:36:35,251][WARN]:  KiCad Schematic Reader: Unsupported keyword: 'margins' of parentNode 'text_box' at line: 4742
[2025-05-13 23:36:35,251][WARN]:  KiCad Schematic Reader: Unsupported keyword: 'margins' of parentNode 'text_box' at line: 4762
[2025-05-13 23:36:35,252][WARN]:  KiCad Schematic Reader: Unsupported keyword: 'embedded_fonts' of parentNode 'kicad_sch' at line: 11606
[2025-05-13 23:36:35,253][INFO]:  Converting document: 'Z:/Projekte/OpenHornet/OpenHornet/ECAD/PCBs/ABSIS/ABSIS_ALE/ABSIS_ALE.kicad_sch'
[2025-05-13 23:36:35,253][INFO]:  KiCad Symbol Converter: Converting KiCad symbol: 'Device:C'
[2025-05-13 23:36:35,254][INFO]:  KiCad Symbol Converter: Generating DeviceSet: 'C'
[2025-05-13 23:36:35,254][INFO]:  KiCad Symbol Converter: Symbol pin '~' at line '115' was renamed to '~@1' because of name duplication
[2025-05-13 23:36:35,254][INFO]:  KiCad Symbol Converter: Symbol pin '~' at line '133' was renamed to '~@2' because of name duplication
[2025-05-13 23:36:35,255][INFO]:  KiCad Symbol Converter: Generating DeviceSet: 'C' finished successfully
[2025-05-13 23:36:35,255][INFO]:  KiCad Symbol Converter: Converting KiCad symbol: 'Device:C' finished successfully
[2025-05-13 23:36:35,255][INFO]:  KiCad Symbol Converter: Converting KiCad symbol: 'Device:D_Schottky'
[2025-05-13 23:36:35,255][INFO]:  KiCad Symbol Converter: Generating DeviceSet: 'D_Schottky'
[2025-05-13 23:36:35,255][INFO]:  KiCad Symbol Converter: Generating DeviceSet: 'D_SCHOTTKY' finished successfully
[2025-05-13 23:36:35,255][INFO]:  KiCad Symbol Converter: Converting KiCad symbol: 'Device:D_Schottky' finished successfully
[2025-05-13 23:36:35,255][INFO]:  KiCad Symbol Converter: Converting KiCad symbol: 'Device:L'
[2025-05-13 23:36:35,255][INFO]:  KiCad Symbol Converter: Generating DeviceSet: 'L'
[2025-05-13 23:36:35,255][INFO]:  KiCad Symbol Converter: Generating DeviceSet: 'L' finished successfully
[2025-05-13 23:36:35,255][INFO]:  KiCad Symbol Converter: Converting KiCad symbol: 'Device:L' finished successfully
[2025-05-13 23:36:35,255][INFO]:  KiCad Symbol Converter: Converting KiCad symbol: 'Device:Polyfuse'
[2025-05-13 23:36:35,255][INFO]:  KiCad Symbol Converter: Generating DeviceSet: 'Polyfuse'
[2025-05-13 23:36:35,255][INFO]:  KiCad Symbol Converter: Symbol pin '~' at line '576' was renamed to '~@1' because of name duplication
[2025-05-13 23:36:35,255][INFO]:  KiCad Symbol Converter: Symbol pin '~' at line '594' was renamed to '~@2' because of name duplication
[2025-05-13 23:36:35,255][INFO]:  KiCad Symbol Converter: Generating DeviceSet: 'POLYFUSE' finished successfully
[2025-05-13 23:36:35,255][INFO]:  KiCad Symbol Converter: Converting KiCad symbol: 'Device:Polyfuse' finished successfully
[2025-05-13 23:36:35,255][INFO]:  KiCad Symbol Converter: Converting KiCad symbol: 'Device:R'
[2025-05-13 23:36:35,255][INFO]:  KiCad Symbol Converter: Generating DeviceSet: 'R'
[2025-05-13 23:36:35,255][INFO]:  KiCad Symbol Converter: Symbol pin '~' at line '700' was renamed to '~@1' because of name duplication
[2025-05-13 23:36:35,255][INFO]:  KiCad Symbol Converter: Symbol pin '~' at line '718' was renamed to '~@2' because of name duplication
[2025-05-13 23:36:35,257][INFO]:  KiCad Symbol Converter: Generating DeviceSet: 'R' finished successfully
[2025-05-13 23:36:35,257][INFO]:  KiCad Symbol Converter: Converting KiCad symbol: 'Device:R' finished successfully
[2025-05-13 23:36:35,257][INFO]:  KiCad Symbol Converter: Converting KiCad symbol: 'GND_1'
[2025-05-13 23:36:35,257][INFO]:  KiCad Symbol Converter: Generating DeviceSet: 'GND_1'
[2025-05-13 23:36:35,257][INFO]:  KiCad Symbol Converter: Generating DeviceSet: 'GND_1' finished successfully
[2025-05-13 23:36:35,257][INFO]:  KiCad Symbol Converter: Converting KiCad symbol: 'GND_1' finished successfully
[2025-05-13 23:36:35,257][INFO]:  KiCad Symbol Converter: Converting KiCad symbol: 'OH_Symbols:Capacitor_0805_0.1uF'
[2025-05-13 23:36:35,257][INFO]:  KiCad Symbol Converter: Generating DeviceSet: 'Capacitor_0805_0.1uF'
[2025-05-13 23:36:35,257][INFO]:  KiCad Symbol Converter: Symbol pin '~' at line '958' was renamed to '~@1' because of name duplication
[2025-05-13 23:36:35,257][INFO]:  KiCad Symbol Converter: Symbol pin '~' at line '976' was renamed to '~@2' because of name duplication
[2025-05-13 23:36:35,257][INFO]:  KiCad Symbol Converter: Generating DeviceSet: 'CAPACITOR_0805_0.1UF' finished successfully
[2025-05-13 23:36:35,257][INFO]:  KiCad Symbol Converter: Converting KiCad symbol: 'OH_Symbols:Capacitor_0805_0.1uF' finished successfully
[2025-05-13 23:36:35,257][INFO]:  KiCad Symbol Converter: Converting KiCad symbol: 'OH_Symbols:Controller_MAX487E'
[2025-05-13 23:36:35,257][INFO]:  KiCad Symbol Converter: Generating DeviceSet: 'Controller_MAX487E'
[2025-05-13 23:36:35,257][INFO]:  KiCad Symbol Converter: Generating DeviceSet: 'CONTROLLER_MAX487E' finished successfully
[2025-05-13 23:36:35,257][INFO]:  KiCad Symbol Converter: Converting KiCad symbol: 'OH_Symbols:Controller_MAX487E' finished successfully
[2025-05-13 23:36:35,257][INFO]:  KiCad Symbol Converter: Converting KiCad symbol: 'OH_Symbols:Controller_Pro_Micro'
[2025-05-13 23:36:35,257][INFO]:  KiCad Symbol Converter: Generating DeviceSet: 'Controller_Pro_Micro'
[2025-05-13 23:36:35,257][INFO]:  KiCad Symbol Converter: Symbol pin 'GND' at line '1543' was renamed to 'GND@1' because of name duplication
[2025-05-13 23:36:35,257][INFO]:  KiCad Symbol Converter: Symbol pin 'GND' at line '1561' was renamed to 'GND@2' because of name duplication
[2025-05-13 23:36:35,257][INFO]:  KiCad Symbol Converter: Symbol pin 'GND' at line '1741' was renamed to 'GND@3' because of name duplication
[2025-05-13 23:36:35,258][INFO]:  KiCad Symbol Converter: Generating DeviceSet: 'CONTROLLER_PRO_MICRO' finished successfully
[2025-05-13 23:36:35,258][INFO]:  KiCad Symbol Converter: Converting KiCad symbol: 'OH_Symbols:Controller_Pro_Micro' finished successfully
[2025-05-13 23:36:35,258][INFO]:  KiCad Symbol Converter: Converting KiCad symbol: 'OH_Symbols:Jumper_Solder_2_Open'
[2025-05-13 23:36:35,258][INFO]:  KiCad Symbol Converter: Generating DeviceSet: 'Jumper_Solder_2_Open'
[2025-05-13 23:36:35,258][INFO]:  KiCad Symbol Converter: Generating DeviceSet: 'JUMPER_SOLDER_2_OPEN' finished successfully
[2025-05-13 23:36:35,258][INFO]:  KiCad Symbol Converter: Converting KiCad symbol: 'OH_Symbols:Jumper_Solder_2_Open' finished successfully
[2025-05-13 23:36:35,258][INFO]:  KiCad Symbol Converter: Converting KiCad symbol: 'OH_Symbols:LOGO_OpenHornet_NoText_Small'
[2025-05-13 23:36:35,258][INFO]:  KiCad Symbol Converter: Generating DeviceSet: 'LOGO_OpenHornet_NoText_Small'
[2025-05-13 23:36:35,260][INFO]:  KiCad Symbol Converter: Generating DeviceSet: 'LOGO_OPENHORNET_NOTEXT_SMALL' finished successfully
[2025-05-13 23:36:35,260][INFO]:  KiCad Symbol Converter: Converting KiCad symbol: 'OH_Symbols:LOGO_OpenHornet_NoText_Small' finished successfully
[2025-05-13 23:36:35,260][INFO]:  KiCad Symbol Converter: Converting KiCad symbol: 'OH_Symbols:Molex_Mini-Fit_Jr._2x03'
[2025-05-13 23:36:35,260][INFO]:  KiCad Symbol Converter: Generating DeviceSet: 'Molex_Mini-Fit_Jr._2x03'
[2025-05-13 23:36:35,260][INFO]:  KiCad Symbol Converter: Generating DeviceSet: 'MOLEX_MINI-FIT_JR._2X03' finished successfully
[2025-05-13 23:36:35,260][INFO]:  KiCad Symbol Converter: Converting KiCad symbol: 'OH_Symbols:Molex_Mini-Fit_Jr._2x03' finished successfully
[2025-05-13 23:36:35,260][INFO]:  KiCad Symbol Converter: Converting KiCad symbol: 'OH_Symbols:MountingHole_M3_3.2mm'
[2025-05-13 23:36:35,260][INFO]:  KiCad Symbol Converter: Generating DeviceSet: 'MountingHole_M3_3.2mm'
[2025-05-13 23:36:35,260][INFO]:  KiCad Symbol Converter: Generating DeviceSet: 'MOUNTINGHOLE_M3_3.2MM' finished successfully
[2025-05-13 23:36:35,260][INFO]:  KiCad Symbol Converter: Converting KiCad symbol: 'OH_Symbols:MountingHole_M3_3.2mm' finished successfully
[2025-05-13 23:36:35,260][INFO]:  KiCad Symbol Converter: Converting KiCad symbol: 'OH_Symbols:PinHeader_1x06'
[2025-05-13 23:36:35,260][INFO]:  KiCad Symbol Converter: Generating DeviceSet: 'PinHeader_1x06'
[2025-05-13 23:36:35,261][INFO]:  KiCad Symbol Converter: Generating DeviceSet: 'PINHEADER_1X06' finished successfully
[2025-05-13 23:36:35,261][INFO]:  KiCad Symbol Converter: Converting KiCad symbol: 'OH_Symbols:PinHeader_1x06' finished successfully
[2025-05-13 23:36:35,261][INFO]:  KiCad Symbol Converter: Converting KiCad symbol: 'OH_Symbols:PinHeader_2x02'
[2025-05-13 23:36:35,261][INFO]:  KiCad Symbol Converter: Generating DeviceSet: 'PinHeader_2x02'
[2025-05-13 23:36:35,261][INFO]:  KiCad Symbol Converter: Generating DeviceSet: 'PINHEADER_2X02' finished successfully
[2025-05-13 23:36:35,261][INFO]:  KiCad Symbol Converter: Converting KiCad symbol: 'OH_Symbols:PinHeader_2x02' finished successfully
[2025-05-13 23:36:35,261][INFO]:  KiCad Symbol Converter: Converting KiCad symbol: 'OH_Symbols:PinHeader_2x06'
[2025-05-13 23:36:35,261][INFO]:  KiCad Symbol Converter: Generating DeviceSet: 'PinHeader_2x06'
[2025-05-13 23:36:35,261][INFO]:  KiCad Symbol Converter: Generating DeviceSet: 'PINHEADER_2X06' finished successfully
[2025-05-13 23:36:35,261][INFO]:  KiCad Symbol Converter: Converting KiCad symbol: 'OH_Symbols:PinHeader_2x06' finished successfully
[2025-05-13 23:36:35,261][INFO]:  KiCad Symbol Converter: Converting KiCad symbol: 'PWR_FLAG_1'
[2025-05-13 23:36:35,261][INFO]:  KiCad Symbol Converter: Generating DeviceSet: 'PWR_FLAG_1'
[2025-05-13 23:36:35,261][INFO]:  KiCad Symbol Converter: Generating DeviceSet: 'PWR_FLAG_1' finished successfully
[2025-05-13 23:36:35,261][INFO]:  KiCad Symbol Converter: Converting KiCad symbol: 'PWR_FLAG_1' finished successfully
[2025-05-13 23:36:35,261][INFO]:  KiCad Symbol Converter: Converting KiCad symbol: 'Regulator_Switching:TPS560200'
[2025-05-13 23:36:35,261][INFO]:  KiCad Symbol Converter: Generating DeviceSet: 'TPS560200'
[2025-05-13 23:36:35,262][INFO]:  KiCad Symbol Converter: Generating DeviceSet: 'TPS560200' finished successfully
[2025-05-13 23:36:35,262][INFO]:  KiCad Symbol Converter: Converting KiCad symbol: 'Regulator_Switching:TPS560200' finished successfully
[2025-05-13 23:36:35,262][INFO]:  KiCad Symbol Converter: Converting KiCad symbol: 'power:+12V'
[2025-05-13 23:36:35,262][INFO]:  KiCad Symbol Converter: Generating DeviceSet: '+12V'
[2025-05-13 23:36:35,262][INFO]:  KiCad Symbol Converter: Generating DeviceSet: '+12V' finished successfully
[2025-05-13 23:36:35,262][INFO]:  KiCad Symbol Converter: Converting KiCad symbol: 'power:+12V' finished successfully
[2025-05-13 23:36:35,262][INFO]:  KiCad Symbol Converter: Converting KiCad symbol: 'power:+3.3V'
[2025-05-13 23:36:35,262][INFO]:  KiCad Symbol Converter: Generating DeviceSet: '+3.3V'
[2025-05-13 23:36:35,262][INFO]:  KiCad Symbol Converter: Generating DeviceSet: '+3.3V' finished successfully
[2025-05-13 23:36:35,262][INFO]:  KiCad Symbol Converter: Converting KiCad symbol: 'power:+3.3V' finished successfully
[2025-05-13 23:36:35,262][INFO]:  KiCad Symbol Converter: Converting KiCad symbol: 'power:+5V'
[2025-05-13 23:36:35,262][INFO]:  KiCad Symbol Converter: Generating DeviceSet: '+5V'
[2025-05-13 23:36:35,262][INFO]:  KiCad Symbol Converter: Generating DeviceSet: '+5V' finished successfully
[2025-05-13 23:36:35,262][INFO]:  KiCad Symbol Converter: Converting KiCad symbol: 'power:+5V' finished successfully
[2025-05-13 23:36:35,262][INFO]:  KiCad Symbol Converter: Converting KiCad symbol: 'power:GND'
[2025-05-13 23:36:35,262][INFO]:  KiCad Symbol Converter: Generating DeviceSet: 'GND'
[2025-05-13 23:36:35,262][INFO]:  KiCad Symbol Converter: Generating DeviceSet: 'GND' finished successfully
[2025-05-13 23:36:35,262][INFO]:  KiCad Symbol Converter: Converting KiCad symbol: 'power:GND' finished successfully
[2025-05-13 23:36:35,262][INFO]:  KiCad Symbol Converter: Converting KiCad symbol: 'power:PWR_FLAG'
[2025-05-13 23:36:35,262][INFO]:  KiCad Symbol Converter: Generating DeviceSet: 'PWR_FLAG'
[2025-05-13 23:36:35,262][INFO]:  KiCad Symbol Converter: Generating DeviceSet: 'PWR_FLAG' finished successfully
[2025-05-13 23:36:35,262][INFO]:  KiCad Symbol Converter: Converting KiCad symbol: 'power:PWR_FLAG' finished successfully
[2025-05-13 23:36:35,262][INFO]:  KiCad Symbol Converter: Converting KiCad symbol: 'power:VCC'
[2025-05-13 23:36:35,262][INFO]:  KiCad Symbol Converter: Generating DeviceSet: 'VCC'
[2025-05-13 23:36:35,262][INFO]:  KiCad Symbol Converter: Generating DeviceSet: 'VCC' finished successfully
[2025-05-13 23:36:35,262][INFO]:  KiCad Symbol Converter: Converting KiCad symbol: 'power:VCC' finished successfully
[2025-05-13 23:36:35,262][INFO]:  Converted 24 schematic symbols
[2025-05-13 23:36:35,277][INFO]:  KiCad Schematic Converter: Attribute name 'Footprint' from line 7151 need to be changed to 'FOOTPRINT'
[2025-05-13 23:36:35,277][INFO]:  KiCad Schematic Converter: Attribute name 'Datasheet' from line 7160 need to be changed to 'DATASHEET'
[2025-05-13 23:36:35,277][INFO]:  KiCad Schematic Converter: Attribute name 'Manufacturer PN' from line 7186 need to be changed to 'MANUFACTURER_PN'
[2025-05-13 23:36:35,277][INFO]:  KiCad Schematic Converter: Attribute name 'Silkscreen' from line 7195 need to be changed to 'SILKSCREEN'
[2025-05-13 23:36:35,278][INFO]:  KiCad Schematic Converter: Attribute name 'Footprint' from line 7314 need to be changed to 'FOOTPRINT'
[2025-05-13 23:36:35,278][INFO]:  KiCad Schematic Converter: Attribute name 'Datasheet' from line 7323 need to be changed to 'DATASHEET'
[2025-05-13 23:36:35,278][INFO]:  KiCad Schematic Converter: Attribute name 'Manufacturer PN' from line 7350 need to be changed to 'MANUFACTURER_PN'
[2025-05-13 23:36:35,278][INFO]:  KiCad Schematic Converter: Attribute name 'Silkscreen' from line 7358 need to be changed to 'SILKSCREEN'
[2025-05-13 23:36:35,280][INFO]:  KiCad Schematic Converter: Attribute name 'Footprint' from line 7483 need to be changed to 'FOOTPRINT'
[2025-05-13 23:36:35,280][INFO]:  KiCad Schematic Converter: Attribute name 'Datasheet' from line 7492 need to be changed to 'DATASHEET'
[2025-05-13 23:36:35,280][INFO]:  KiCad Schematic Converter: Attribute name 'Manufacturer PN' from line 7519 need to be changed to 'MANUFACTURER_PN'
[2025-05-13 23:36:35,280][INFO]:  KiCad Schematic Converter: Attribute name 'Silkscreen' from line 7527 need to be changed to 'SILKSCREEN'
[2025-05-13 23:36:35,281][INFO]:  KiCad Schematic Converter: Attribute name 'Footprint' from line 7717 need to be changed to 'FOOTPRINT'
[2025-05-13 23:36:35,281][INFO]:  KiCad Schematic Converter: Attribute name 'Datasheet' from line 7726 need to be changed to 'DATASHEET'
[2025-05-13 23:36:35,281][INFO]:  KiCad Schematic Converter: Attribute name 'Manufacturer PN' from line 7753 need to be changed to 'MANUFACTURER_PN'
[2025-05-13 23:36:35,283][INFO]:  KiCad Schematic Converter: Attribute name 'Footprint' from line 7999 need to be changed to 'FOOTPRINT'
[2025-05-13 23:36:35,283][INFO]:  KiCad Schematic Converter: Attribute name 'Datasheet' from line 8008 need to be changed to 'DATASHEET'
[2025-05-13 23:36:35,284][INFO]:  KiCad Schematic Converter: Attribute name 'Footprint' from line 8069 need to be changed to 'FOOTPRINT'
[2025-05-13 23:36:35,284][INFO]:  KiCad Schematic Converter: Attribute name 'Datasheet' from line 8078 need to be changed to 'DATASHEET'
[2025-05-13 23:36:35,284][INFO]:  KiCad Schematic Converter: Attribute name 'Manufacturer PN' from line 8104 need to be changed to 'MANUFACTURER_PN'
[2025-05-13 23:36:35,284][INFO]:  KiCad Schematic Converter: Attribute name 'Silkscreen' from line 8113 need to be changed to 'SILKSCREEN'
[2025-05-13 23:36:35,286][INFO]:  KiCad Schematic Converter: Attribute name 'Footprint' from line 8191 need to be changed to 'FOOTPRINT'
[2025-05-13 23:36:35,286][INFO]:  KiCad Schematic Converter: Attribute name 'Datasheet' from line 8200 need to be changed to 'DATASHEET'
[2025-05-13 23:36:35,286][INFO]:  KiCad Schematic Converter: Attribute name 'Manufacturer PN' from line 8226 need to be changed to 'MANUFACTURER_PN'
[2025-05-13 23:36:35,286][INFO]:  KiCad Schematic Converter: Attribute name 'Silkscreen' from line 8235 need to be changed to 'SILKSCREEN'
[2025-05-13 23:36:35,287][INFO]:  KiCad Schematic Converter: Attribute name 'Footprint' from line 8313 need to be changed to 'FOOTPRINT'
[2025-05-13 23:36:35,287][INFO]:  KiCad Schematic Converter: Attribute name 'Datasheet' from line 8322 need to be changed to 'DATASHEET'
[2025-05-13 23:36:35,287][INFO]:  KiCad Schematic Converter: Attribute name 'Manufacturer PN' from line 8348 need to be changed to 'MANUFACTURER_PN'
[2025-05-13 23:36:35,287][INFO]:  KiCad Schematic Converter: Attribute name 'Silkscreen' from line 8357 need to be changed to 'SILKSCREEN'
[2025-05-13 23:36:35,287][INFO]:  KiCad Schematic Converter: Attribute name 'Footprint' from line 8419 need to be changed to 'FOOTPRINT'
[2025-05-13 23:36:35,288][INFO]:  KiCad Schematic Converter: Attribute name 'Footprint' from line 8480 need to be changed to 'FOOTPRINT'
[2025-05-13 23:36:35,288][INFO]:  KiCad Schematic Converter: Attribute name 'Datasheet' from line 8489 need to be changed to 'DATASHEET'
[2025-05-13 23:36:35,288][INFO]:  KiCad Schematic Converter: Attribute name 'Manufacturer PN' from line 8515 need to be changed to 'MANUFACTURER_PN'
[2025-05-13 23:36:35,291][INFO]:  KiCad Schematic Converter: Attribute name 'Datasheet' from line 8657 need to be changed to 'DATASHEET'
[2025-05-13 23:36:35,291][INFO]:  KiCad Schematic Converter: Attribute name 'Footprint' from line 8714 need to be changed to 'FOOTPRINT'
[2025-05-13 23:36:35,291][INFO]:  KiCad Schematic Converter: Attribute name 'Datasheet' from line 8723 need to be changed to 'DATASHEET'
[2025-05-13 23:36:35,291][INFO]:  KiCad Schematic Converter: Attribute name 'Manufacturer PN' from line 8750 need to be changed to 'MANUFACTURER_PN'
[2025-05-13 23:36:35,291][INFO]:  KiCad Schematic Converter: Attribute name 'Footprint' from line 8867 need to be changed to 'FOOTPRINT'
[2025-05-13 23:36:35,291][INFO]:  KiCad Schematic Converter: Attribute name 'Datasheet' from line 8876 need to be changed to 'DATASHEET'
[2025-05-13 23:36:35,293][INFO]:  KiCad Schematic Converter: Attribute name 'Datasheet' from line 9272 need to be changed to 'DATASHEET'
[2025-05-13 23:36:35,293][INFO]:  KiCad Schematic Converter: Attribute name 'Datasheet' from line 9337 need to be changed to 'DATASHEET'
[2025-05-13 23:36:35,294][INFO]:  KiCad Schematic Converter: Attribute name 'Datasheet' from line 9402 need to be changed to 'DATASHEET'
[2025-05-13 23:36:35,294][INFO]:  KiCad Schematic Converter: Attribute name 'Footprint' from line 9525 need to be changed to 'FOOTPRINT'
[2025-05-13 23:36:35,295][INFO]:  KiCad Schematic Converter: Attribute name 'Footprint' from line 9588 need to be changed to 'FOOTPRINT'
[2025-05-13 23:36:35,295][INFO]:  KiCad Schematic Converter: Attribute name 'Footprint' from line 9651 need to be changed to 'FOOTPRINT'
[2025-05-13 23:36:35,295][INFO]:  KiCad Schematic Converter: Attribute name 'Footprint' from line 9713 need to be changed to 'FOOTPRINT'
[2025-05-13 23:36:35,295][INFO]:  KiCad Schematic Converter: Attribute name 'Datasheet' from line 9722 need to be changed to 'DATASHEET'
[2025-05-13 23:36:35,296][INFO]:  KiCad Schematic Converter: Attribute name 'Footprint' from line 9785 need to be changed to 'FOOTPRINT'
[2025-05-13 23:36:35,296][INFO]:  KiCad Schematic Converter: Attribute name 'Datasheet' from line 9794 need to be changed to 'DATASHEET'
[2025-05-13 23:36:35,296][INFO]:  KiCad Schematic Converter: Attribute name 'Manufacturer PN' from line 9821 need to be changed to 'MANUFACTURER_PN'
[2025-05-13 23:36:35,296][INFO]:  KiCad Schematic Converter: Attribute name 'Footprint' from line 9872 need to be changed to 'FOOTPRINT'
[2025-05-13 23:36:35,296][INFO]:  KiCad Schematic Converter: Attribute name 'Datasheet' from line 9881 need to be changed to 'DATASHEET'
[2025-05-13 23:36:35,296][INFO]:  KiCad Schematic Converter: Attribute name 'Description' from line 9890 need to be changed to 'DESCRIPTION'
[2025-05-13 23:36:35,296][INFO]:  KiCad Schematic Converter: Attribute name 'Manufacturer PN' from line 9908 need to be changed to 'MANUFACTURER_PN'
[2025-05-13 23:36:35,296][INFO]:  KiCad Schematic Converter: Attribute name 'Description' from line 9978 need to be changed to 'DESCRIPTION'
[2025-05-13 23:36:35,297][INFO]:  KiCad Schematic Converter: Attribute name 'Footprint' from line 10026 need to be changed to 'FOOTPRINT'
[2025-05-13 23:36:35,297][INFO]:  KiCad Schematic Converter: Attribute name 'Datasheet' from line 10035 need to be changed to 'DATASHEET'
[2025-05-13 23:36:35,297][INFO]:  KiCad Schematic Converter: Attribute name 'Description' from line 10114 need to be changed to 'DESCRIPTION'
[2025-05-13 23:36:35,297][INFO]:  KiCad Schematic Converter: Attribute name 'Footprint' from line 10162 need to be changed to 'FOOTPRINT'
[2025-05-13 23:36:35,297][INFO]:  KiCad Schematic Converter: Attribute name 'Datasheet' from line 10171 need to be changed to 'DATASHEET'
[2025-05-13 23:36:35,297][INFO]:  KiCad Schematic Converter: Attribute name 'Description' from line 10180 need to be changed to 'DESCRIPTION'
[2025-05-13 23:36:35,297][INFO]:  KiCad Schematic Converter: Attribute name 'Description' from line 10250 need to be changed to 'DESCRIPTION'
[2025-05-13 23:36:35,298][INFO]:  KiCad Schematic Converter: Attribute name 'Footprint' from line 10296 need to be changed to 'FOOTPRINT'
[2025-05-13 23:36:35,298][INFO]:  KiCad Schematic Converter: Attribute name 'Datasheet' from line 10305 need to be changed to 'DATASHEET'
[2025-05-13 23:36:35,298][INFO]:  KiCad Schematic Converter: Attribute name 'Description' from line 10314 need to be changed to 'DESCRIPTION'
[2025-05-13 23:36:35,298][INFO]:  KiCad Schematic Converter: Attribute name 'Description' from line 10384 need to be changed to 'DESCRIPTION'
[2025-05-13 23:36:35,299][INFO]:  KiCad Schematic Converter: Attribute name 'Footprint' from line 10430 need to be changed to 'FOOTPRINT'
[2025-05-13 23:36:35,299][INFO]:  KiCad Schematic Converter: Attribute name 'Datasheet' from line 10440 need to be changed to 'DATASHEET'
[2025-05-13 23:36:35,299][INFO]:  KiCad Schematic Converter: Attribute name 'Description' from line 10449 need to be changed to 'DESCRIPTION'
[2025-05-13 23:36:35,300][INFO]:  KiCad Schematic Converter: Attribute name 'Footprint' from line 10518 need to be changed to 'FOOTPRINT'
[2025-05-13 23:36:35,300][INFO]:  KiCad Schematic Converter: Attribute name 'Datasheet' from line 10528 need to be changed to 'DATASHEET'
[2025-05-13 23:36:35,300][INFO]:  KiCad Schematic Converter: Attribute name 'Description' from line 10537 need to be changed to 'DESCRIPTION'
[2025-05-13 23:36:35,300][INFO]:  KiCad Schematic Converter: Attribute name 'Manufacturer PN' from line 10555 need to be changed to 'MANUFACTURER_PN'
[2025-05-13 23:36:35,300][INFO]:  KiCad Schematic Converter: Attribute name 'Footprint' from line 10606 need to be changed to 'FOOTPRINT'
[2025-05-13 23:36:35,301][INFO]:  KiCad Schematic Converter: Attribute name 'Datasheet' from line 10615 need to be changed to 'DATASHEET'
[2025-05-13 23:36:35,301][INFO]:  KiCad Schematic Converter: Attribute name 'Manufacturer PN' from line 10642 need to be changed to 'MANUFACTURER_PN'
[2025-05-13 23:36:35,301][INFO]:  KiCad Schematic Converter: Attribute name 'Description' from line 10712 need to be changed to 'DESCRIPTION'
[2025-05-13 23:36:35,302][INFO]:  KiCad Schematic Converter: Attribute name 'Footprint' from line 10761 need to be changed to 'FOOTPRINT'
[2025-05-13 23:36:35,302][INFO]:  KiCad Schematic Converter: Attribute name 'Datasheet' from line 10770 need to be changed to 'DATASHEET'
[2025-05-13 23:36:35,302][INFO]:  KiCad Schematic Converter: Attribute name 'Description' from line 10779 need to be changed to 'DESCRIPTION'
[2025-05-13 23:36:35,302][INFO]:  KiCad Schematic Converter: Attribute name 'Manufacturer PN' from line 10797 need to be changed to 'MANUFACTURER_PN'
[2025-05-13 23:36:35,302][INFO]:  KiCad Schematic Converter: Attribute name 'Datasheet' from line 10856 need to be changed to 'DATASHEET'
[2025-05-13 23:36:35,303][INFO]:  KiCad Schematic Converter: Attribute name 'Description' from line 10996 need to be changed to 'DESCRIPTION'
[2025-05-13 23:36:35,303][INFO]:  KiCad Schematic Converter: Attribute name 'Footprint' from line 11044 need to be changed to 'FOOTPRINT'
[2025-05-13 23:36:35,303][INFO]:  KiCad Schematic Converter: Attribute name 'Datasheet' from line 11053 need to be changed to 'DATASHEET'
[2025-05-13 23:36:35,303][INFO]:  KiCad Schematic Converter: Attribute name 'Description' from line 11062 need to be changed to 'DESCRIPTION'
[2025-05-13 23:36:35,303][INFO]:  KiCad Schematic Converter: Attribute name 'Description' from line 11132 need to be changed to 'DESCRIPTION'
[2025-05-13 23:36:35,304][INFO]:  KiCad Schematic Converter: Attribute name 'Footprint' from line 11180 need to be changed to 'FOOTPRINT'
[2025-05-13 23:36:35,304][INFO]:  KiCad Schematic Converter: Attribute name 'Datasheet' from line 11189 need to be changed to 'DATASHEET'
[2025-05-13 23:36:35,304][INFO]:  KiCad Schematic Converter: Attribute name 'Footprint' from line 11250 need to be changed to 'FOOTPRINT'
[2025-05-13 23:36:35,304][INFO]:  KiCad Schematic Converter: Attribute name 'Datasheet' from line 11259 need to be changed to 'DATASHEET'
[2025-05-13 23:36:35,304][INFO]:  KiCad Schematic Converter: Attribute name 'Description' from line 11268 need to be changed to 'DESCRIPTION'
[2025-05-13 23:36:35,304][INFO]:  KiCad Schematic Converter: Attribute name 'Manufacturer PN' from line 11286 need to be changed to 'MANUFACTURER_PN'
[2025-05-13 23:36:35,304][INFO]:  KiCad Schematic Converter: Attribute name 'Datasheet' from line 11348 need to be changed to 'DATASHEET'
[2025-05-13 23:36:35,304][INFO]:  KiCad Schematic Converter: Attribute name 'Description' from line 11357 need to be changed to 'DESCRIPTION'
[2025-05-13 23:36:35,305][INFO]:  KiCad Schematic Converter: Attribute name 'Footprint' from line 11406 need to be changed to 'FOOTPRINT'
[2025-05-13 23:36:35,305][INFO]:  KiCad Schematic Converter: Attribute name 'Datasheet' from line 11415 need to be changed to 'DATASHEET'
[2025-05-13 23:36:35,305][INFO]:  KiCad Schematic Converter: Attribute name 'Description' from line 11424 need to be changed to 'DESCRIPTION'
[2025-05-13 23:36:35,305][INFO]:  KiCad Schematic Converter: Attribute name 'Manufacturer PN' from line 11442 need to be changed to 'MANUFACTURER_PN'
[2025-05-13 23:36:35,305][INFO]:  KiCad Schematic Converter: Attribute name 'Footprint' from line 11493 need to be changed to 'FOOTPRINT'
[2025-05-13 23:36:35,305][INFO]:  KiCad Schematic Converter: Attribute name 'Datasheet' from line 11502 need to be changed to 'DATASHEET'
[2025-05-13 23:36:35,307][INFO]:  Finished processing document: 'Z:/Projekte/OpenHornet/OpenHornet/ECAD/PCBs/ABSIS/ABSIS_ALE/ABSIS_ALE.kicad_sch'
[2025-05-13 23:36:35,307][INFO]:  Processing documents list finished
[2025-05-13 23:36:35,307][INFO]:  KiCad Importer Post Processor: Postprocessing imported design
[2025-05-13 23:36:35,307][INFO]:  KiCad Importer Post Processor: Processing board components
[2025-05-13 23:36:35,307][INFO]:  KiCad Importer Post Processor: Package 'MOUNTINGHOLE_3.2MM_M3_DIN965' was moved from library 'OH_Footprints' to 'OH_Symbols' as 'OH_FOOTPRINTS_MOUNTINGHOLE_3.2MM_M3_DIN965'
[2025-05-13 23:36:35,308][INFO]:  KiCad Importer Post Processor: Package 'C_0805_2012METRIC' was moved from library 'OH_Footprints' to 'OH_Symbols' as 'OH_FOOTPRINTS_C_0805_2012METRIC'
[2025-05-13 23:36:35,308][INFO]:  KiCad Importer Post Processor: Package 'MOLEX_MINI-FIT_JR_5566-06A2_2X03_P4.20MM_VERTICAL' was moved from library 'OH_Footprints' to 'OH_Symbols' as 'OH_FOOTPRINTS_MOLEX_MINI-FIT_JR_5566-06A2_2X03_P4.20MM_VERTICAL'
[2025-05-13 23:36:35,308][INFO]:  KiCad Importer Post Processor: Package 'SOIC-8_3.9X4.9MM_P1.27MM' was moved from library 'OH_Footprints' to 'OH_Symbols' as 'OH_FOOTPRINTS_SOIC-8_3.9X4.9MM_P1.27MM'
[2025-05-13 23:36:35,309][INFO]:  KiCad Importer Post Processor: Package 'DIP-24_W15.24MM_SOCKET' was moved from library 'OH_Footprints' to 'OH_Symbols' as 'OH_FOOTPRINTS_DIP-24_W15.24MM_SOCKET'
[2025-05-13 23:36:35,310][INFO]:  KiCad Importer Post Processor: Package 'LOGO_OH_NOTEXT_SMALL' was moved from library 'OH_Footprints' to 'OH_Symbols' as 'OH_FOOTPRINTS_LOGO_OH_NOTEXT_SMALL'
[2025-05-13 23:36:35,314][INFO]:  KiCad Importer Post Processor: Package 'SOLDERJUMPER-2_P1.3MM_OPEN_ROUNDEDPAD1.0X1.5MM' was moved from library 'OH_Footprints' to 'OH_Symbols' as 'OH_FOOTPRINTS_SOLDERJUMPER-2_P1.3MM_OPEN_ROUNDEDPAD1.0X1.5MM'
[2025-05-13 23:36:35,314][INFO]:  KiCad Importer Post Processor: Package 'SOT-23-5' was moved from library 'Package_TO_SOT_SMD' to 'Regulator_Switching' as 'PACKAGE_TO_SOT_SMD_SOT-23-5'
[2025-05-13 23:36:35,314][INFO]:  KiCad Importer Post Processor: Package 'R_0603_1608METRIC' was moved from library 'Resistor_SMD' to 'Device' as 'RESISTOR_SMD_R_0603_1608METRIC'
[2025-05-13 23:36:35,314][INFO]:  KiCad Importer Post Processor: Package 'C_0603_1608METRIC' was moved from library 'Capacitor_SMD' to 'OH_Symbols' as 'CAPACITOR_SMD_C_0603_1608METRIC'
[2025-05-13 23:36:35,315][INFO]:  KiCad Importer Post Processor: Package 'C_0805_2012METRIC' was moved from library 'Capacitor_SMD' to 'Device' as 'CAPACITOR_SMD_C_0805_2012METRIC'
[2025-05-13 23:36:35,315][INFO]:  KiCad Importer Post Processor: Package 'D_SOD-323_HANDSOLDERING' was moved from library 'Diode_SMD' to 'Device' as 'DIODE_SMD_D_SOD-323_HANDSOLDERING'
[2025-05-13 23:36:35,315][INFO]:  KiCad Importer Post Processor: Package 'FUSE_0805_2012METRIC' was moved from library 'Fuse' to 'Device' as 'FUSE_FUSE_0805_2012METRIC'
[2025-05-13 23:36:35,315][INFO]:  KiCad Importer Post Processor: Package 'L_0603_1608METRIC' was moved from library 'Inductor_SMD' to 'Device' as 'INDUCTOR_SMD_L_0603_1608METRIC'
[2025-05-13 23:36:35,316][INFO]:  KiCad Importer Post Processor: Package 'PINHEADER_2X06_P2.54MM_VERTICAL' was moved from library 'OH_Footprints' to 'OH_Symbols' as 'OH_FOOTPRINTS_PINHEADER_2X06_P2.54MM_VERTICAL'
[2025-05-13 23:36:35,316][INFO]:  KiCad Importer Post Processor: Package 'PINHEADER_1X06_P2.54MM_VERTICAL' was moved from library 'OH_Footprints' to 'OH_Symbols' as 'OH_FOOTPRINTS_PINHEADER_1X06_P2.54MM_VERTICAL'
[2025-05-13 23:36:35,316][INFO]:  KiCad Importer Post Processor: Package 'PINHEADER_2X02_P2.54MM_VERTICAL' was moved from library 'OH_Footprints' to 'OH_Symbols' as 'OH_FOOTPRINTS_PINHEADER_2X02_P2.54MM_VERTICAL'
[2025-05-13 23:36:35,320][INFO]:  KiCad Importer Post Processor: Processing board components finished
[2025-05-13 23:36:35,320][INFO]:  KiCad Importer Post Processor: Processing board nets
[2025-05-13 23:36:35,320][INFO]:  KiCad Importer Post Processor: Board signal 'NET-(D1-A)' name was changed to match schematic net name 'N$3'
[2025-05-13 23:36:35,321][INFO]:  KiCad Importer Post Processor: Board signal 'NET-(D1-K)' name was changed to match schematic net name 'N$38'
[2025-05-13 23:36:35,322][INFO]:  KiCad Importer Post Processor: Board signal 'NET-(U2-PH)' name was changed to match schematic net name 'N$87'
[2025-05-13 23:36:35,322][INFO]:  KiCad Importer Post Processor: Processing board nets finished
[2025-05-13 23:36:35,322][INFO]:  KiCad Importer Post Processor: Processing net classes
[2025-05-13 23:36:35,323][INFO]:  KiCad Importer Post Processor: Processing net classes finished
[2025-05-13 23:36:35,323][INFO]:  KiCad Importer Post Processor: Postprocessing imported design finished
[2025-05-13 23:36:35,323][INFO]:  Import finished
