source {C:/GitHub/OpenHornet/ECAD/PCBs/OH_Specific/Functional/ddi_button_board/~Buttons_DDI.do}
 bus diagonal
 fanout 5
 route 20
 clean 2
 route 25 16
 clean 2
 filter 5
 recorner diagonal
 report status

____________________________________________________________________________________________
ELECTRA Version  8.10
Design        = C:\GitHub\OpenHornet\ECAD\PCBs\OH_Specific\Functional\ddi_button_board\Buttons_DDI.dsn
Report Time   = 20:10:02
Nets          =       91
Components    =       89
Connections   =      212
Vias          =      100
Routed Length = 6280487.5 um
Signal Layers =        2
Power Layers  =        0
Total Pins    =      303
Completion    =  100.00%
Unroutes      =        0
Routing Time  = 00:00:45

____________________________________________________________________________________________
|     |          |        |        |        |        |        |        |         |         |
|  #  |   Pass   | Shorts |DRC Errs|Failures|Unroutes|  Vias  |  Reduc |  Time   |  Total  |
|_____|__________|________|________|________|________|________|________|_________|_________|
|    0| Bus      |       0|       0|       0|     201|       0|        |  0:00:00|  0:00:00|
|    1| Fanout   |       0|      48|       0|     201|     143|        |  0:00:02|  0:00:02|
|    2| Fanout   |       1|       2|       0|     201|     143|        |  0:00:00|  0:00:02|
|    3| Fanout   |       2|       1|       0|     201|     143|        |  0:00:01|  0:00:03|
|    4| Fanout   |       1|       0|       0|     201|     143|        |  0:00:01|  0:00:04|
|    5| Fanout   |       0|       0|       1|     201|     142|        |  0:00:00|  0:00:04|
|    6| Route    |     109|       7|      10|      10|      69|       0|  0:00:02|  0:00:06|
|    7| Route    |     125|     304|       0|       0|      73|       0|  0:00:07|  0:00:13|
|    8| Route    |      57|       7|       2|       0|      76|      85|  0:00:05|  0:00:18|
|    9| Route    |      23|      25|       1|       0|      75|      25|  0:00:04|  0:00:22|
|   10| Route    |      14|       2|       0|       0|      73|      66|  0:00:03|  0:00:25|
|   11| Route    |       4|       0|       1|       0|      94|      75|  0:00:03|  0:00:28|
|   12| Route    |       1|       0|       0|       0|     101|      75|  0:00:02|  0:00:30|
|   13| Route    |       1|       0|       2|       0|     101|       0|  0:00:03|  0:00:33|
|   14| Route    |       0|       0|       0|       0|     105|     100|  0:00:00|  0:00:33|
|   15| Clean    |       0|      48|      90|       0|     106|        |  0:00:02|  0:00:35|
|   16| Clean    |       0|       0|      92|       0|     102|        |  0:00:02|  0:00:37|
|   17| Route    |       0|       0|       0|       0|     102|       0|  0:00:01|  0:00:38|
|   18| Clean    |       0|       0|      97|       0|     106|        |  0:00:02|  0:00:40|
|   19| Clean    |       0|       0|      96|       0|     100|        |  0:00:02|  0:00:42|
|   20| Filter   |       0|       0|       0|       0|     100|       0|  0:00:00|  0:00:42|
|   20| Recorner |       0|       0|       0|       0|       0|        |  0:00:00|  0:00:42|
|     |          |        |        |        |        |        |        |         |         |
|  #  |   Pass   | Shorts |DRC Errs|Failures|Unroutes|  Vias  |  Reduc |  Time   |  Total  |
|_____|__________|________|________|________|________|________|________|_________|_________|
 bestsave on basic
 autoroute
source {C:/GitHub/OpenHornet/ECAD/PCBs/OH_Specific/Functional/ddi_button_board/~Buttons_DDI.do}
 bus diagonal
 fanout 5
 route 20
 clean 2
 route 25 16
 clean 2
 filter 5
 recorner diagonal
 report summary basic
 _______________________________________________________________________________________________________
|   Summary   | Completion |  Shorts|DRC Errs|Failures|Unroutes|  Vias  |    Length     |  Total time  |
--------------------------------------------------------------------------------------------------------
|        basic|     100.00%|       0|       0|       0|       0|     108|   6281218.0 um|  0:00:51     |
|_____________|____________|________|________|________|________|________|_______________|______________|


 reset
 tax via 0.5
 bestsave on tax_via_half
 autoroute
source {C:/GitHub/OpenHornet/ECAD/PCBs/OH_Specific/Functional/ddi_button_board/~Buttons_DDI.do}
 bus diagonal
 fanout 5
 route 20
 clean 2
 route 25 16
 clean 2
 filter 5
 recorner diagonal
 report summary tax via 0.5
 _______________________________________________________________________________________________________
|   Summary   | Completion |  Shorts|DRC Errs|Failures|Unroutes|  Vias  |    Length     |  Total time  |
--------------------------------------------------------------------------------------------------------
|  tax via 0.5|     100.00%|       0|       0|       0|       0|     111|   6354279.0 um|  0:00:53     |
|_____________|____________|________|________|________|________|________|_______________|______________|


 reset
 tax via 3
 bestsave on tax_via_3
 autoroute
source {C:/GitHub/OpenHornet/ECAD/PCBs/OH_Specific/Functional/ddi_button_board/~Buttons_DDI.do}
 bus diagonal
 fanout 5
 route 20
 clean 2
 route 25 16
 clean 2
 filter 5
 recorner diagonal
 report summary tax via 3
 _______________________________________________________________________________________________________
|   Summary   | Completion |  Shorts|DRC Errs|Failures|Unroutes|  Vias  |    Length     |  Total time  |
--------------------------------------------------------------------------------------------------------
|    tax via 3|     100.00%|       0|       0|       0|       0|      76|   6414261.1 um|  0:00:40     |
|_____________|____________|________|________|________|________|________|_______________|______________|


 reset
 tax via 5
 bestsave on tax_via_5
 autoroute
source {C:/GitHub/OpenHornet/ECAD/PCBs/OH_Specific/Functional/ddi_button_board/~Buttons_DDI.do}
 bus diagonal
 fanout 5
 route 20
 clean 2
 route 25 16
 clean 2
 filter 5
 recorner diagonal
 report summary tax via 5
 _______________________________________________________________________________________________________
|   Summary   | Completion |  Shorts|DRC Errs|Failures|Unroutes|  Vias  |    Length     |  Total time  |
--------------------------------------------------------------------------------------------------------
|    tax via 5|      99.53%|       0|       0|       1|       1|      75|   6260874.8 um|  0:01:21     |
|_____________|____________|________|________|________|________|________|_______________|______________|


 reset
 tax via 1
 toggle_direction
 bestsave on toggle_dir
 autoroute
source {C:/GitHub/OpenHornet/ECAD/PCBs/OH_Specific/Functional/ddi_button_board/~Buttons_DDI.do}
 bus diagonal
 fanout 5
 route 20
 clean 2
 route 25 16
 clean 2
 filter 5
 recorner diagonal
 report summary toggle_direction
 _______________________________________________________________________________________________________
|   Summary   | Completion |  Shorts|DRC Errs|Failures|Unroutes|  Vias  |    Length     |  Total time  |
--------------------------------------------------------------------------------------------------------
|toggle_direct|     100.00%|       0|       0|       1|       0|     115|   6454803.7 um|  0:01:25     |
|_____________|____________|________|________|________|________|________|_______________|______________|


 report summary -all
 _______________________________________________________________________________________________________
|   Summary   | Completion |  Shorts|DRC Errs|Failures|Unroutes|  Vias  |    Length     |  Total time  |
--------------------------------------------------------------------------------------------------------
|        basic|     100.00%|       0|       0|       0|       0|     108|   6281218.0 um|  0:00:51     |
|  tax via 0.5|     100.00%|       0|       0|       0|       0|     111|   6354279.0 um|  0:00:53     |
|    tax via 3|     100.00%|       0|       0|       0|       0|      76|   6414261.1 um|  0:00:40     |
|    tax via 5|      99.53%|       0|       0|       1|       1|      75|   6260874.8 um|  0:01:21     |
|toggle_direct|     100.00%|       0|       0|       1|       0|     115|   6454803.7 um|  0:01:25     |
|_____________|____________|________|________|________|________|________|_______________|______________|

 bestsave on basic
 autoroute
source {C:/GitHub/OpenHornet/ECAD/PCBs/OH_Specific/Functional/ddi_button_board/~Buttons_DDI.do}
 bus diagonal
 fanout 5
 route 20
 clean 2
 route 25 16
 clean 2
 filter 5
 recorner diagonal
 report summary basic
 _______________________________________________________________________________________________________
|   Summary   | Completion |  Shorts|DRC Errs|Failures|Unroutes|  Vias  |    Length     |  Total time  |
--------------------------------------------------------------------------------------------------------
|        basic|     100.00%|       0|       0|       0|       0|     115|   6442875.1 um|  0:01:35     |
|_____________|____________|________|________|________|________|________|_______________|______________|


 reset
 tax via 0.5
 bestsave on tax_via_half
 autoroute
source {C:/GitHub/OpenHornet/ECAD/PCBs/OH_Specific/Functional/ddi_button_board/~Buttons_DDI.do}
 bus diagonal
 fanout 5
 route 20
 clean 2
 route 25 16
 clean 2
 filter 5
 recorner diagonal
 report summary tax via 0.5
 _______________________________________________________________________________________________________
|   Summary   | Completion |  Shorts|DRC Errs|Failures|Unroutes|  Vias  |    Length     |  Total time  |
--------------------------------------------------------------------------------------------------------
|  tax via 0.5|     100.00%|       0|       0|       0|       0|     121|   6326848.8 um|  0:00:54     |
|_____________|____________|________|________|________|________|________|_______________|______________|


 reset
 tax via 3
 bestsave on tax_via_3
 autoroute
source {C:/GitHub/OpenHornet/ECAD/PCBs/OH_Specific/Functional/ddi_button_board/~Buttons_DDI.do}
 bus diagonal
 fanout 5
 route 20
 clean 2
 route 25 16
 clean 2
 filter 5
 recorner diagonal
 report summary tax via 3
 _______________________________________________________________________________________________________
|   Summary   | Completion |  Shorts|DRC Errs|Failures|Unroutes|  Vias  |    Length     |  Total time  |
--------------------------------------------------------------------------------------------------------
|    tax via 3|     100.00%|       0|       0|       0|       0|      94|   6431330.8 um|  0:00:51     |
|_____________|____________|________|________|________|________|________|_______________|______________|


 reset
 tax via 5
 bestsave on tax_via_5
 autoroute
source {C:/GitHub/OpenHornet/ECAD/PCBs/OH_Specific/Functional/ddi_button_board/~Buttons_DDI.do}
 bus diagonal
 fanout 5
 route 20
 clean 2
 route 25 16
 clean 2
 filter 5
 recorner diagonal
 report summary tax via 5
 _______________________________________________________________________________________________________
|   Summary   | Completion |  Shorts|DRC Errs|Failures|Unroutes|  Vias  |    Length     |  Total time  |
--------------------------------------------------------------------------------------------------------
|    tax via 5|     100.00%|       0|       0|       0|       0|      84|   6549364.0 um|  0:00:52     |
|_____________|____________|________|________|________|________|________|_______________|______________|


 reset
 tax via 1
 toggle_direction
 bestsave on toggle_dir
 autoroute
source {C:/GitHub/OpenHornet/ECAD/PCBs/OH_Specific/Functional/ddi_button_board/~Buttons_DDI.do}
 bus diagonal
 fanout 5
 route 20
 clean 2
 route 25 16
 clean 2
 filter 5
 recorner diagonal
 report summary toggle_direction
 _______________________________________________________________________________________________________
|   Summary   | Completion |  Shorts|DRC Errs|Failures|Unroutes|  Vias  |    Length     |  Total time  |
--------------------------------------------------------------------------------------------------------
|toggle_direct|     100.00%|       0|       0|       0|       0|      88|   6529407.8 um|  0:01:32     |
|_____________|____________|________|________|________|________|________|_______________|______________|


 report summary -all
 _______________________________________________________________________________________________________
|   Summary   | Completion |  Shorts|DRC Errs|Failures|Unroutes|  Vias  |    Length     |  Total time  |
--------------------------------------------------------------------------------------------------------
|        basic|     100.00%|       0|       0|       0|       0|     115|   6442875.1 um|  0:01:35     |
|  tax via 0.5|     100.00%|       0|       0|       0|       0|     121|   6326848.8 um|  0:00:54     |
|    tax via 3|     100.00%|       0|       0|       0|       0|      94|   6431330.8 um|  0:00:51     |
|    tax via 5|     100.00%|       0|       0|       0|       0|      84|   6549364.0 um|  0:00:52     |
|toggle_direct|     100.00%|       0|       0|       0|       0|      88|   6529407.8 um|  0:01:32     |
|_____________|____________|________|________|________|________|________|_______________|______________|

source {C:/GitHub/OpenHornet/ECAD/PCBs/OH_Specific/Functional/ddi_button_board/~Buttons_DDI.do}
 bus diagonal
 proute
 fanout 5
 proute
 route 50
 clean 2
 route 100 16
 clean 2
 filter 5
 recorner diagonal
 report status

____________________________________________________________________________________________
ELECTRA Version  8.10
Design        = C:\GitHub\OpenHornet\ECAD\PCBs\OH_Specific\Functional\ddi_button_board\Buttons_DDI.dsn
Report Time   = 21:41:32
Nets          =       91
Components    =       89
Connections   =      212
Vias          =       92
Routed Length = 6521616.6 um
Signal Layers =        2
Power Layers  =        0
Total Pins    =      303
Completion    =  100.00%
Unroutes      =        0
Routing Time  = 00:55:27

____________________________________________________________________________________________
|     |          |        |        |        |        |        |        |         |         |
|  #  |   Pass   | Shorts |DRC Errs|Failures|Unroutes|  Vias  |  Reduc |  Time   |  Total  |
|_____|__________|________|________|________|________|________|________|_________|_________|
|    0| Bus      |       0|       0|       0|     204|       5|        |  0:00:01|  0:00:01|
|    1| Fanout   |       0|      85|       0|     204|     155|        |  0:00:02|  0:00:03|
|    2| Fanout   |       1|      39|       0|     204|     155|        |  0:00:00|  0:00:03|
|    3| Fanout   |       2|       1|       0|     204|     155|        |  0:00:01|  0:00:04|
|    4| Fanout   |       1|       0|       0|     204|     155|        |  0:00:00|  0:00:04|
|    5| Fanout   |       0|       0|       1|     204|     154|        |  0:00:01|  0:00:05|
|    6| Route    |     117|       8|      11|      11|      74|       0|  0:00:04|  0:00:09|
|    7| Route    |     133|      16|       0|       0|      73|       0|  0:00:08|  0:00:17|
|    8| Route    |      67|       7|       1|       0|      79|      50|  0:00:07|  0:00:24|
|    9| Route    |      29|      19|       0|       0|      74|      35|  0:00:08|  0:00:32|
|   10| Route    |       9|      29|       2|       0|      80|      20|  0:00:07|  0:00:39|
|   11| Route    |       4|       3|       2|       0|      90|      81|  0:00:15|  0:00:54|
|   12| Route    |       2|       0|       2|       0|      96|      71|  0:00:13|  0:01:07|
|   13| Route    |       0|       0|       0|       0|      97|     100|  0:00:11|  0:01:18|
|   14| Clean    |       0|       0|     100|       0|      95|        |  0:00:03|  0:01:21|
|   15| Clean    |       0|       0|      97|       0|      92|        |  0:00:04|  0:01:25|
|   16| Route    |       0|       0|       0|       0|      92|       0|  0:00:00|  0:01:25|
|   17| Clean    |       0|       0|     101|       0|      94|        |  0:00:04|  0:01:29|
|   18| Clean    |       0|       0|     104|       0|      88|        |  0:00:02|  0:01:31|
|   19| Filter   |       0|       0|       0|       0|      88|       0|  0:00:01|  0:01:32|
|   19| Recorner |       0|       0|       0|       0|       0|        |  0:00:00|  0:01:32|
|   19| Bus      |       0|       0|       0|       0|      88|        |  0:00:00|  0:01:32|
|   20| Fanout   |       0|       0|       0|       0|      88|        |  0:00:01|  0:01:33|
|   21| Route    |       0|       0|       0|       0|      88|       0|  0:00:00|  0:01:33|
|   22| Clean    |       0|       0|     102|       0|      90|        |  0:00:02|  0:01:35|
|   23| Clean    |       0|       3|     110|       0|      91|        |  0:00:02|  0:01:37|
|   24| Route    |       0|       0|       0|       0|      92|       0|  0:00:00|  0:01:37|
|   25| Clean    |       0|       0|     103|       0|      94|        |  0:00:03|  0:01:40|
|   26| Clean    |       0|       0|     107|       0|      92|        |  0:00:02|  0:01:42|
|   27| Filter   |       0|       0|       0|       0|      92|       0|  0:00:00|  0:01:42|
|   27| Recorner |       0|       0|       0|       0|       0|        |  0:00:00|  0:01:42|
|     |          |        |        |        |        |        |        |         |         |
|  #  |   Pass   | Shorts |DRC Errs|Failures|Unroutes|  Vias  |  Reduc |  Time   |  Total  |
|_____|__________|________|________|________|________|________|________|_________|_________|
Selected nets: 88 wires: 0
source {C:/GitHub/OpenHornet/ECAD/PCBs/OH_Specific/Functional/ddi_button_board/~Buttons_DDI.do}
 bus diagonal
 proute
 fanout 5
 proute
 route 50
 clean 2
 route 100 16
 clean 2
 filter 5
 recorner diagonal
 report status

____________________________________________________________________________________________
ELECTRA Version  8.10
Design        = C:\GitHub\OpenHornet\ECAD\PCBs\OH_Specific\Functional\ddi_button_board\Buttons_DDI.dsn
Report Time   = 21:43:12
Nets          =       91
Components    =       89
Connections   =      212
Vias          =       74
Routed Length = 6522716.5 um
Signal Layers =        2
Power Layers  =        0
Total Pins    =      303
Completion    =  100.00%
Unroutes      =        0
Routing Time  = 00:57:07

____________________________________________________________________________________________
|     |          |        |        |        |        |        |        |         |         |
|  #  |   Pass   | Shorts |DRC Errs|Failures|Unroutes|  Vias  |  Reduc |  Time   |  Total  |
|_____|__________|________|________|________|________|________|________|_________|_________|
|    0| Bus      |       0|       0|       0|     204|       5|        |  0:00:01|  0:00:01|
|    1| Fanout   |       0|      85|       0|     204|     155|        |  0:00:02|  0:00:03|
|    2| Fanout   |       1|      39|       0|     204|     155|        |  0:00:00|  0:00:03|
|    3| Fanout   |       2|       1|       0|     204|     155|        |  0:00:01|  0:00:04|
|    4| Fanout   |       1|       0|       0|     204|     155|        |  0:00:00|  0:00:04|
|    5| Fanout   |       0|       0|       1|     204|     154|        |  0:00:01|  0:00:05|
|    6| Route    |     117|       8|      11|      11|      74|       0|  0:00:04|  0:00:09|
|    7| Route    |     133|      16|       0|       0|      73|       0|  0:00:08|  0:00:17|
|    8| Route    |      67|       7|       1|       0|      79|      50|  0:00:07|  0:00:24|
|    9| Route    |      29|      19|       0|       0|      74|      35|  0:00:08|  0:00:32|
|   10| Route    |       9|      29|       2|       0|      80|      20|  0:00:07|  0:00:39|
|   11| Route    |       4|       3|       2|       0|      90|      81|  0:00:15|  0:00:54|
|   12| Route    |       2|       0|       2|       0|      96|      71|  0:00:13|  0:01:07|
|   13| Route    |       0|       0|       0|       0|      97|     100|  0:00:11|  0:01:18|
|   14| Clean    |       0|       0|     100|       0|      95|        |  0:00:03|  0:01:21|
|   15| Clean    |       0|       0|      97|       0|      92|        |  0:00:04|  0:01:25|
|   16| Route    |       0|       0|       0|       0|      92|       0|  0:00:00|  0:01:25|
|   17| Clean    |       0|       0|     101|       0|      94|        |  0:00:04|  0:01:29|
|   18| Clean    |       0|       0|     104|       0|      88|        |  0:00:02|  0:01:31|
|   19| Filter   |       0|       0|       0|       0|      88|       0|  0:00:01|  0:01:32|
|   19| Recorner |       0|       0|       0|       0|       0|        |  0:00:00|  0:01:32|
|   19| Bus      |       0|       0|       0|       0|      88|        |  0:00:00|  0:01:32|
|   20| Fanout   |       0|       0|       0|       0|      88|        |  0:00:01|  0:01:33|
|   21| Route    |       0|       0|       0|       0|      88|       0|  0:00:00|  0:01:33|
|   22| Clean    |       0|       0|     102|       0|      90|        |  0:00:02|  0:01:35|
|   23| Clean    |       0|       3|     110|       0|      91|        |  0:00:02|  0:01:37|
|   24| Route    |       0|       0|       0|       0|      92|       0|  0:00:00|  0:01:37|
|   25| Clean    |       0|       0|     103|       0|      94|        |  0:00:03|  0:01:40|
|   26| Clean    |       0|       0|     107|       0|      92|        |  0:00:02|  0:01:42|
|   27| Filter   |       0|       0|       0|       0|      92|       0|  0:00:00|  0:01:42|
|   27| Recorner |       0|       0|       0|       0|       0|        |  0:00:00|  0:01:42|
|   27| Bus      |       0|       0|       0|     204|       5|        |  0:00:00|  0:01:42|
|   28| Pattern  |       0|       0|       0|     103|       5|       0|  0:00:01|  0:01:43|
|   29| Fanout   |       0|      48|       0|     103|      61|        |  0:00:00|  0:01:43|
|   30| Fanout   |       1|       1|       0|     103|      61|        |  0:00:01|  0:01:44|
|   31| Fanout   |       0|      42|       0|     103|      61|        |  0:00:01|  0:01:45|
|   32| Fanout   |       1|       0|       0|     103|      61|        |  0:00:00|  0:01:45|
|   33| Fanout   |       0|       0|       1|     103|      60|        |  0:00:01|  0:01:46|
|   34| Pattern  |       0|       0|     101|      89|      60|       0|  0:00:01|  0:01:47|
|   35| Route    |      90|       7|      10|       9|      44|       0|  0:00:02|  0:01:49|
|   36| Route    |     149|       7|       1|       0|      50|       0|  0:00:10|  0:01:59|
|   37| Route    |      61|       7|       1|       0|      52|      56|  0:00:06|  0:02:05|
|   38| Route    |      16|       1|       1|       0|      73|      75|  0:00:05|  0:02:10|
|   39| Route    |       4|      38|       1|       0|      68|       0|  0:00:03|  0:02:13|
|   40| Route    |       0|       6|       0|       0|      77|      85|  0:00:04|  0:02:17|
|   41| Route    |       0|       1|       0|       0|      77|      83|  0:00:00|  0:02:17|
|   42| Route    |       0|       1|       0|       0|      77|       0|  0:00:01|  0:02:18|
|   43| Route    |       0|       1|       0|       0|      77|       0|  0:00:00|  0:02:18|
|   44| Route    |       0|       1|       0|       0|      77|       0|  0:00:01|  0:02:19|
|   45| Route    |       0|       1|       0|       0|      77|       0|  0:00:00|  0:02:19|
|   46| Route    |       0|       1|       0|       0|      77|       0|  0:00:01|  0:02:20|
|   47| Route    |       0|       1|       0|       0|      77|       0|  0:00:00|  0:02:20|
|   48| Route    |       0|       1|       0|       0|      77|       0|  0:00:01|  0:02:21|
|   49| Route    |       0|       1|       0|       0|      77|       0|  0:00:00|  0:02:21|
|   50| Route    |       0|       1|       0|       0|      77|       0|  0:00:01|  0:02:22|
|   51| Route    |       0|       1|       0|       0|      77|       0|  0:00:00|  0:02:22|
|   52| Route    |       0|       1|       0|       0|      77|       0|  0:00:02|  0:02:24|
|   53| Route    |       0|       1|       0|       0|      77|       0|  0:00:00|  0:02:24|
|   54| Route    |       0|       1|       0|       0|      77|       0|  0:00:01|  0:02:25|
|   55| Route    |       0|       1|       0|       0|      77|       0|  0:00:00|  0:02:25|
|   56| Route    |       0|       1|       0|       0|      77|       0|  0:00:01|  0:02:26|
|   57| Route    |       0|       1|       0|       0|      77|       0|  0:00:00|  0:02:26|
|   58| Route    |       0|       1|       0|       0|      77|       0|  0:00:02|  0:02:28|
|   59| Route    |       0|       1|       0|       0|      77|       0|  0:00:00|  0:02:28|
|   60| Route    |       0|       1|       0|       0|      77|       0|  0:00:01|  0:02:29|
|   61| Route    |       0|       1|       0|       0|      77|       0|  0:00:00|  0:02:29|
|   62| Route    |       0|       1|       0|       0|      77|       0|  0:00:01|  0:02:30|
|   63| Route    |       0|       1|       0|       0|      77|       0|  0:00:00|  0:02:30|
|   64| Route    |       0|       1|       0|       0|      77|       0|  0:00:01|  0:02:31|
|   65| Route    |       0|       1|       0|       0|      77|       0|  0:00:00|  0:02:31|
|   66| Route    |       0|       1|       0|       0|      77|       0|  0:00:01|  0:02:32|
|   67| Route    |       0|       1|       0|       0|      77|       0|  0:00:00|  0:02:32|
|   68| Route    |       0|       1|       0|       0|      77|       0|  0:00:01|  0:02:33|
|   69| Route    |       0|       1|       0|       0|      77|       0|  0:00:00|  0:02:33|
|   70| Route    |       0|       1|       0|       0|      77|       0|  0:00:01|  0:02:34|
|   71| Route    |       0|       1|       0|       0|      77|       0|  0:00:00|  0:02:34|
|   72| Route    |       0|       1|       0|       0|      77|       0|  0:00:01|  0:02:35|
|   73| Route    |       0|       1|       0|       0|      77|       0|  0:00:01|  0:02:36|
|   74| Route    |       0|       1|       0|       0|      77|       0|  0:00:00|  0:02:36|
|   75| Route    |       0|       1|       0|       0|      77|       0|  0:00:00|  0:02:36|
|   76| Route    |       0|       1|       0|       0|      77|       0|  0:00:02|  0:02:38|
|   77| Route    |       0|       1|       0|       0|      77|       0|  0:00:00|  0:02:38|
|   78| Route    |       0|       1|       0|       0|      77|       0|  0:00:01|  0:02:39|
|   79| Route    |       0|       1|       0|       0|      77|       0|  0:00:00|  0:02:39|
|   80| Route    |       0|       1|       0|       0|      77|       0|  0:00:01|  0:02:40|
|   81| Route    |       0|       1|       0|       0|      77|       0|  0:00:00|  0:02:40|
|   82| Route    |       0|       1|       0|       0|      77|       0|  0:00:01|  0:02:41|
|   83| Route    |       0|       1|       0|       0|      77|       0|  0:00:00|  0:02:41|
|   84| Route    |       0|       1|       0|       0|      77|       0|  0:00:02|  0:02:43|
|   85| Clean    |       0|       1|      96|       0|      82|        |  0:00:03|  0:02:46|
|   86| Clean    |       0|      48|     101|       0|      75|        |  0:00:02|  0:02:48|
|   87| Route    |       0|       1|       0|       0|      75|       0|  0:00:01|  0:02:49|
|   88| Route    |       0|       8|       0|       0|      77|       0|  0:00:02|  0:02:51|
|   89| Route    |       2|       0|       0|       0|      75|      75|  0:00:00|  0:02:51|
|   90| Route    |       2|       0|       0|       0|      77|       0|  0:00:03|  0:02:54|
|   91| Route    |       1|       0|       0|       0|      77|      50|  0:00:01|  0:02:55|
|   92| Route    |       0|       1|       0|       0|      77|       0|  0:00:01|  0:02:56|
|   93| Route    |       0|       1|       0|       0|      75|       0|  0:00:01|  0:02:57|
|   94| Route    |       0|       0|       0|       0|      75|     100|  0:00:01|  0:02:58|
|   95| Clean    |       0|       0|     102|       0|      79|        |  0:00:03|  0:03:01|
|   96| Clean    |       0|       0|     108|       0|      74|        |  0:00:01|  0:03:02|
|   97| Filter   |       0|       0|       0|       0|      74|       0|  0:00:00|  0:03:02|
|   97| Recorner |       0|       0|       0|       0|       0|        |  0:00:00|  0:03:02|
|     |          |        |        |        |        |        |        |         |         |
|  #  |   Pass   | Shorts |DRC Errs|Failures|Unroutes|  Vias  |  Reduc |  Time   |  Total  |
|_____|__________|________|________|________|________|________|________|_________|_________|
Selected nets: 88 wires: 0
source {C:/GitHub/OpenHornet/ECAD/PCBs/OH_Specific/Functional/ddi_button_board/~Buttons_DDI.do}
 bus diagonal
 proute
 fanout 5
 proute
 route 100
 clean 2
 route 200 16
 clean 2
 filter 5
 recorner diagonal
 report status

____________________________________________________________________________________________
ELECTRA Version  8.10
Design        = C:\GitHub\OpenHornet\ECAD\PCBs\OH_Specific\Functional\ddi_button_board\Buttons_DDI.dsn
Report Time   = 21:47:15
Nets          =       91
Components    =       89
Connections   =      212
Vias          =      119
Routed Length = 6544882.3 um
Signal Layers =        2
Power Layers  =        0
Total Pins    =      303
Completion    =  100.00%
Unroutes      =        0
Routing Time  = 01:01:10

____________________________________________________________________________________________
|     |          |        |        |        |        |        |        |         |         |
|  #  |   Pass   | Shorts |DRC Errs|Failures|Unroutes|  Vias  |  Reduc |  Time   |  Total  |
|_____|__________|________|________|________|________|________|________|_________|_________|
|    0| Bus      |       0|       0|       0|     204|       5|        |  0:00:01|  0:00:01|
|    1| Fanout   |       0|      85|       0|     204|     155|        |  0:00:02|  0:00:03|
|    2| Fanout   |       1|      39|       0|     204|     155|        |  0:00:00|  0:00:03|
|    3| Fanout   |       2|       1|       0|     204|     155|        |  0:00:01|  0:00:04|
|    4| Fanout   |       1|       0|       0|     204|     155|        |  0:00:00|  0:00:04|
|    5| Fanout   |       0|       0|       1|     204|     154|        |  0:00:01|  0:00:05|
|    6| Route    |     117|       8|      11|      11|      74|       0|  0:00:04|  0:00:09|
|    7| Route    |     133|      16|       0|       0|      73|       0|  0:00:08|  0:00:17|
|    8| Route    |      67|       7|       1|       0|      79|      50|  0:00:07|  0:00:24|
|    9| Route    |      29|      19|       0|       0|      74|      35|  0:00:08|  0:00:32|
|   10| Route    |       9|      29|       2|       0|      80|      20|  0:00:07|  0:00:39|
|   11| Route    |       4|       3|       2|       0|      90|      81|  0:00:15|  0:00:54|
|   12| Route    |       2|       0|       2|       0|      96|      71|  0:00:13|  0:01:07|
|   13| Route    |       0|       0|       0|       0|      97|     100|  0:00:11|  0:01:18|
|   14| Clean    |       0|       0|     100|       0|      95|        |  0:00:03|  0:01:21|
|   15| Clean    |       0|       0|      97|       0|      92|        |  0:00:04|  0:01:25|
|   16| Route    |       0|       0|       0|       0|      92|       0|  0:00:00|  0:01:25|
|   17| Clean    |       0|       0|     101|       0|      94|        |  0:00:04|  0:01:29|
|   18| Clean    |       0|       0|     104|       0|      88|        |  0:00:02|  0:01:31|
|   19| Filter   |       0|       0|       0|       0|      88|       0|  0:00:01|  0:01:32|
|   19| Recorner |       0|       0|       0|       0|       0|        |  0:00:00|  0:01:32|
|   19| Bus      |       0|       0|       0|       0|      88|        |  0:00:00|  0:01:32|
|   20| Fanout   |       0|       0|       0|       0|      88|        |  0:00:01|  0:01:33|
|   21| Route    |       0|       0|       0|       0|      88|       0|  0:00:00|  0:01:33|
|   22| Clean    |       0|       0|     102|       0|      90|        |  0:00:02|  0:01:35|
|   23| Clean    |       0|       3|     110|       0|      91|        |  0:00:02|  0:01:37|
|   24| Route    |       0|       0|       0|       0|      92|       0|  0:00:00|  0:01:37|
|   25| Clean    |       0|       0|     103|       0|      94|        |  0:00:03|  0:01:40|
|   26| Clean    |       0|       0|     107|       0|      92|        |  0:00:02|  0:01:42|
|   27| Filter   |       0|       0|       0|       0|      92|       0|  0:00:00|  0:01:42|
|   27| Recorner |       0|       0|       0|       0|       0|        |  0:00:00|  0:01:42|
|   27| Bus      |       0|       0|       0|     204|       5|        |  0:00:00|  0:01:42|
|   28| Pattern  |       0|       0|       0|     103|       5|       0|  0:00:01|  0:01:43|
|   29| Fanout   |       0|      48|       0|     103|      61|        |  0:00:00|  0:01:43|
|   30| Fanout   |       1|       1|       0|     103|      61|        |  0:00:01|  0:01:44|
|   31| Fanout   |       0|      42|       0|     103|      61|        |  0:00:01|  0:01:45|
|   32| Fanout   |       1|       0|       0|     103|      61|        |  0:00:00|  0:01:45|
|   33| Fanout   |       0|       0|       1|     103|      60|        |  0:00:01|  0:01:46|
|   34| Pattern  |       0|       0|     101|      89|      60|       0|  0:00:01|  0:01:47|
|   35| Route    |      90|       7|      10|       9|      44|       0|  0:00:02|  0:01:49|
|   36| Route    |     149|       7|       1|       0|      50|       0|  0:00:10|  0:01:59|
|   37| Route    |      61|       7|       1|       0|      52|      56|  0:00:06|  0:02:05|
|   38| Route    |      16|       1|       1|       0|      73|      75|  0:00:05|  0:02:10|
|   39| Route    |       4|      38|       1|       0|      68|       0|  0:00:03|  0:02:13|
|   40| Route    |       0|       6|       0|       0|      77|      85|  0:00:04|  0:02:17|
|   41| Route    |       0|       1|       0|       0|      77|      83|  0:00:00|  0:02:17|
|   42| Route    |       0|       1|       0|       0|      77|       0|  0:00:01|  0:02:18|
|   43| Route    |       0|       1|       0|       0|      77|       0|  0:00:00|  0:02:18|
|   44| Route    |       0|       1|       0|       0|      77|       0|  0:00:01|  0:02:19|
|   45| Route    |       0|       1|       0|       0|      77|       0|  0:00:00|  0:02:19|
|   46| Route    |       0|       1|       0|       0|      77|       0|  0:00:01|  0:02:20|
|   47| Route    |       0|       1|       0|       0|      77|       0|  0:00:00|  0:02:20|
|   48| Route    |       0|       1|       0|       0|      77|       0|  0:00:01|  0:02:21|
|   49| Route    |       0|       1|       0|       0|      77|       0|  0:00:00|  0:02:21|
|   50| Route    |       0|       1|       0|       0|      77|       0|  0:00:01|  0:02:22|
|   51| Route    |       0|       1|       0|       0|      77|       0|  0:00:00|  0:02:22|
|   52| Route    |       0|       1|       0|       0|      77|       0|  0:00:02|  0:02:24|
|   53| Route    |       0|       1|       0|       0|      77|       0|  0:00:00|  0:02:24|
|   54| Route    |       0|       1|       0|       0|      77|       0|  0:00:01|  0:02:25|
|   55| Route    |       0|       1|       0|       0|      77|       0|  0:00:00|  0:02:25|
|   56| Route    |       0|       1|       0|       0|      77|       0|  0:00:01|  0:02:26|
|   57| Route    |       0|       1|       0|       0|      77|       0|  0:00:00|  0:02:26|
|   58| Route    |       0|       1|       0|       0|      77|       0|  0:00:02|  0:02:28|
|   59| Route    |       0|       1|       0|       0|      77|       0|  0:00:00|  0:02:28|
|   60| Route    |       0|       1|       0|       0|      77|       0|  0:00:01|  0:02:29|
|   61| Route    |       0|       1|       0|       0|      77|       0|  0:00:00|  0:02:29|
|   62| Route    |       0|       1|       0|       0|      77|       0|  0:00:01|  0:02:30|
|   63| Route    |       0|       1|       0|       0|      77|       0|  0:00:00|  0:02:30|
|   64| Route    |       0|       1|       0|       0|      77|       0|  0:00:01|  0:02:31|
|   65| Route    |       0|       1|       0|       0|      77|       0|  0:00:00|  0:02:31|
|   66| Route    |       0|       1|       0|       0|      77|       0|  0:00:01|  0:02:32|
|   67| Route    |       0|       1|       0|       0|      77|       0|  0:00:00|  0:02:32|
|   68| Route    |       0|       1|       0|       0|      77|       0|  0:00:01|  0:02:33|
|   69| Route    |       0|       1|       0|       0|      77|       0|  0:00:00|  0:02:33|
|   70| Route    |       0|       1|       0|       0|      77|       0|  0:00:01|  0:02:34|
|   71| Route    |       0|       1|       0|       0|      77|       0|  0:00:00|  0:02:34|
|   72| Route    |       0|       1|       0|       0|      77|       0|  0:00:01|  0:02:35|
|   73| Route    |       0|       1|       0|       0|      77|       0|  0:00:01|  0:02:36|
|   74| Route    |       0|       1|       0|       0|      77|       0|  0:00:00|  0:02:36|
|   75| Route    |       0|       1|       0|       0|      77|       0|  0:00:00|  0:02:36|
|   76| Route    |       0|       1|       0|       0|      77|       0|  0:00:02|  0:02:38|
|   77| Route    |       0|       1|       0|       0|      77|       0|  0:00:00|  0:02:38|
|   78| Route    |       0|       1|       0|       0|      77|       0|  0:00:01|  0:02:39|
|   79| Route    |       0|       1|       0|       0|      77|       0|  0:00:00|  0:02:39|
|   80| Route    |       0|       1|       0|       0|      77|       0|  0:00:01|  0:02:40|
|   81| Route    |       0|       1|       0|       0|      77|       0|  0:00:00|  0:02:40|
|   82| Route    |       0|       1|       0|       0|      77|       0|  0:00:01|  0:02:41|
|   83| Route    |       0|       1|       0|       0|      77|       0|  0:00:00|  0:02:41|
|   84| Route    |       0|       1|       0|       0|      77|       0|  0:00:02|  0:02:43|
|   85| Clean    |       0|       1|      96|       0|      82|        |  0:00:03|  0:02:46|
|   86| Clean    |       0|      48|     101|       0|      75|        |  0:00:02|  0:02:48|
|   87| Route    |       0|       1|       0|       0|      75|       0|  0:00:01|  0:02:49|
|   88| Route    |       0|       8|       0|       0|      77|       0|  0:00:02|  0:02:51|
|   89| Route    |       2|       0|       0|       0|      75|      75|  0:00:00|  0:02:51|
|   90| Route    |       2|       0|       0|       0|      77|       0|  0:00:03|  0:02:54|
|   91| Route    |       1|       0|       0|       0|      77|      50|  0:00:01|  0:02:55|
|   92| Route    |       0|       1|       0|       0|      77|       0|  0:00:01|  0:02:56|
|   93| Route    |       0|       1|       0|       0|      75|       0|  0:00:01|  0:02:57|
|   94| Route    |       0|       0|       0|       0|      75|     100|  0:00:01|  0:02:58|
|   95| Clean    |       0|       0|     102|       0|      79|        |  0:00:03|  0:03:01|
|   96| Clean    |       0|       0|     108|       0|      74|        |  0:00:01|  0:03:02|
|   97| Filter   |       0|       0|       0|       0|      74|       0|  0:00:00|  0:03:02|
|   97| Recorner |       0|       0|       0|       0|       0|        |  0:00:00|  0:03:02|
|   97| Bus      |       0|       0|       0|     204|       6|        |  0:00:00|  0:03:02|
|   98| Pattern  |       0|       0|       0|     101|       6|       0|  0:00:01|  0:03:03|
|   99| Fanout   |       0|      48|       0|     101|      60|        |  0:00:01|  0:03:04|
|  100| Fanout   |       1|       1|       0|     101|      60|        |  0:00:00|  0:03:04|
|  101| Fanout   |       0|      42|       0|     101|      60|        |  0:00:01|  0:03:05|
|  102| Fanout   |       1|       0|       0|     101|      60|        |  0:00:00|  0:03:05|
|  103| Fanout   |       0|       0|       1|     101|      59|        |  0:00:01|  0:03:06|
|  104| Route    |      18|      10|       8|       8|     128|       0|  0:00:27|  0:03:33|
|  105| Route    |      16|      28|       6|       1|     148|       0|  0:00:18|  0:03:51|
|  106| Route    |       5|      18|       0|       0|     153|      47|  0:00:09|  0:04:00|
|  107| Route    |       5|       4|       1|       0|     149|      60|  0:00:04|  0:04:04|
|  108| Route    |       1|       0|       0|       0|     150|      88|  0:00:01|  0:04:05|
|  109| Route    |       0|       0|       0|       0|     154|     100|  0:00:03|  0:04:08|
|  110| Clean    |       0|      45|      98|       0|     138|        |  0:00:03|  0:04:11|
|  111| Clean    |       0|       0|     100|       0|     121|        |  0:00:03|  0:04:14|
|  112| Route    |       0|       0|       0|       0|     121|       0|  0:00:00|  0:04:14|
|  113| Clean    |       0|      45|      99|       0|     123|        |  0:00:03|  0:04:17|
|  114| Clean    |       0|       0|      98|       0|     119|        |  0:00:02|  0:04:19|
|  115| Filter   |       0|       0|       0|       0|     119|       0|  0:00:00|  0:04:19|
|  115| Recorner |       0|       0|       0|       0|       0|        |  0:00:00|  0:04:19|
|     |          |        |        |        |        |        |        |         |         |
|  #  |   Pass   | Shorts |DRC Errs|Failures|Unroutes|  Vias  |  Reduc |  Time   |  Total  |
|_____|__________|________|________|________|________|________|________|_________|_________|
