source {C:/GitHub/OpenHornet/ECAD/PCBs/OH_Specific/Functional/ddi_button_board/~Buttons_DDI.do}
 bus diagonal
 fanout 5
 route 20
ERR: Execution Aborted...
source {C:/GitHub/OpenHornet/ECAD/PCBs/OH_Specific/Functional/ddi_button_board/~Buttons_DDI.do}
 bus diagonal
 fanout 5
 route 20
 clean 2
 route 25 16
 clean 2
 filter 5
 recorner diagonal
 report status

____________________________________________________________________________________________
ELECTRA Version  8.10
Design        = C:\GitHub\OpenHornet\ECAD\PCBs\OH_Specific\Functional\ddi_button_board\Buttons_DDI.dsn
Report Time   = 12:08:37
Nets          =       91
Components    =       89
Connections   =      172
Vias          =       12
Routed Length = 3127050.3 um
Signal Layers =        2
Power Layers  =        0
Total Pins    =      303
Completion    =   83.72%
Unroutes      =       28
Routing Time  = 00:06:27

____________________________________________________________________________________________
|     |          |        |        |        |        |        |        |         |         |
|  #  |   Pass   | Shorts |DRC Errs|Failures|Unroutes|  Vias  |  Reduc |  Time   |  Total  |
|_____|__________|________|________|________|________|________|________|_________|_________|
|    0| Bus      |       0|       0|       0|     169|       0|        |  0:00:00|  0:00:00|
|    1| Fanout   |       0|       0|     119|     137|      32|        |  0:00:04|  0:00:04|
|    2| Route    |     120|       1|      19|      19|      14|       0|  0:00:02|  0:00:06|
|    3| Route    |     260|       0|       9|       4|      14|       0|  0:00:02|  0:00:08|
|    4| Route    |     224|       5|      13|       3|      13|      11|  0:00:02|  0:00:10|
|    5| Route    |     190|       4|       7|       3|      13|      15|  0:00:01|  0:00:11|
|    6| Route    |     190|       2|       8|       2|      13|       1|  0:00:03|  0:00:14|
|    7| Route    |     197|       3|       9|       1|      14|       0|  0:00:02|  0:00:16|
|    8| Route    |     175|       3|       9|       1|      14|      11|  0:00:03|  0:00:19|
|    9| Route    |     157|       5|      13|       1|      14|       8|  0:00:03|  0:00:22|
|   10| Route    |     155|       5|      15|       1|      14|       1|  0:00:02|  0:00:24|
|   11| Route    |     156|       5|      18|       1|      14|       0|  0:00:03|  0:00:27|
|   12| Route    |     167|       2|       7|       1|      14|       0|  0:00:02|  0:00:29|
|   13| Route    |     160|       4|      11|       1|      14|       2|  0:00:03|  0:00:32|
|   14| Route    |     156|       2|      11|       0|      14|       3|  0:00:02|  0:00:34|
|   15| Route    |     151|       2|      16|       0|      14|       3|  0:00:03|  0:00:37|
|   16| Route    |     150|       7|      17|       0|      14|       0|  0:00:02|  0:00:39|
|   16| Bus      |       0|       0|       0|       0|      14|        |  0:00:01|  0:00:40|
|   17| Fanout   |     150|       7|       0|       0|      14|        |  0:00:00|  0:00:40|
|   18| Fanout   |     150|       7|       0|       0|      14|        |  0:00:01|  0:00:41|
|   19| Fanout   |     150|       7|       0|       0|      14|        |  0:00:01|  0:00:42|
|   20| Fanout   |     150|       7|       0|       0|      14|        |  0:00:00|  0:00:42|
|   21| Fanout   |     150|       7|       0|       0|      14|        |  0:00:01|  0:00:43|
|   22| Route    |     193|       0|       2|       0|      11|       0|  0:00:02|  0:00:45|
|   23| Route    |     194|       0|       3|       0|      11|       0|  0:00:01|  0:00:46|
|   24| Route    |     166|       1|       5|       0|      11|      13|  0:00:02|  0:00:48|
|   25| Route    |     161|       2|       0|       0|      11|       2|  0:00:02|  0:00:50|
|   26| Route    |     147|       0|       4|       0|      11|       9|  0:00:02|  0:00:52|
|   27| Route    |     142|       0|      11|       0|      11|       3|  0:00:02|  0:00:54|
|   28| Route    |     134|       4|      13|       0|      11|       2|  0:00:03|  0:00:57|
|   29| Route    |     135|       0|      15|       0|      11|       2|  0:00:03|  0:01:00|
|   30| Route    |     134|       0|      17|       0|      11|       0|  0:00:02|  0:01:02|
|   31| Route    |     135|       0|      19|       0|      11|       0|  0:00:02|  0:01:04|
|   32| Route    |     131|       2|      14|       0|      11|       1|  0:00:03|  0:01:07|
|   33| Route    |     132|       0|      17|       0|      11|       0|  0:00:02|  0:01:09|
|   34| Route    |     128|       0|      17|       0|      11|       3|  0:00:03|  0:01:12|
|   35| Route    |     128|       0|      19|       0|      11|       0|  0:00:02|  0:01:14|
|   36| Route    |     129|       0|      20|       0|      11|       0|  0:00:03|  0:01:17|
|   37| Route    |     128|       0|      17|       0|      11|       0|  0:00:02|  0:01:19|
|   38| Route    |     130|       2|      19|       0|      11|       0|  0:00:03|  0:01:22|
|   39| Route    |     130|       0|      19|       0|      11|       1|  0:00:02|  0:01:24|
|   40| Route    |     129|       0|      20|       0|      11|       0|  0:00:03|  0:01:27|
|   41| Route    |     129|       0|      21|       0|      11|       0|  0:00:02|  0:01:29|
|   42| Clean    |     129|       0|     107|       0|      12|        |  0:00:02|  0:01:31|
|   43| Clean    |     129|       0|     109|       0|      12|        |  0:00:01|  0:01:32|
|   44| Route    |     129|       0|      20|       0|      12|       0|  0:00:02|  0:01:34|
|   45| Route    |     129|       0|      22|       0|      12|       0|  0:00:02|  0:01:36|
|   46| Route    |     128|       0|      26|       0|      12|       0|  0:00:03|  0:01:39|
|   47| Route    |     129|       0|      24|       0|      12|       0|  0:00:02|  0:01:41|
|   48| Route    |     129|       0|      26|       0|      12|       0|  0:00:02|  0:01:43|
|   49| Route    |     128|       0|      26|       0|      12|       0|  0:00:03|  0:01:46|
|   50| Route    |     129|       0|      26|       0|      12|       0|  0:00:02|  0:01:48|
|   51| Route    |     129|       0|      26|       0|      12|       0|  0:00:02|  0:01:50|
|   52| Route    |     128|       0|      26|       0|      12|       0|  0:00:03|  0:01:53|
|   53| Route    |     128|       0|      26|       0|      12|       0|  0:00:02|  0:01:55|
|   54| Route    |     129|       0|      26|       0|      12|       0|  0:00:02|  0:01:57|
|   55| Route    |     129|       0|      25|       0|      12|       0|  0:00:03|  0:02:00|
|   56| Route    |     127|       0|      26|       0|      12|       1|  0:00:02|  0:02:02|
|   57| Route    |     128|       0|      25|       0|      12|       0|  0:00:02|  0:02:04|
|   58| Route    |     128|      22|      26|       0|      12|       0|  0:00:03|  0:02:07|
|   59| Route    |     128|       0|      26|       0|      12|      14|  0:00:02|  0:02:09|
|   60| Route    |     128|       0|      26|       0|      12|       0|  0:00:02|  0:02:11|
|   61| Route    |     129|       0|      26|       0|      12|       0|  0:00:03|  0:02:14|
|   62| Route    |     128|       0|      26|       0|      12|       0|  0:00:02|  0:02:16|
|   63| Route    |     128|       0|      26|       0|      12|       0|  0:00:02|  0:02:18|
|   64| Route    |     128|       0|      26|       0|      12|       0|  0:00:03|  0:02:21|
|   65| Route    |     127|       0|      25|       0|      12|       0|  0:00:02|  0:02:23|
|   66| Route    |     126|       0|      26|       0|      12|       0|  0:00:02|  0:02:25|
|   67| Route    |     127|       0|      25|       0|      12|       0|  0:00:03|  0:02:28|
|   68| Route    |     127|       0|      26|       0|      12|       0|  0:00:02|  0:02:30|
|   69| Clean    |     127|       0|     106|       0|      12|        |  0:00:02|  0:02:32|
|   70| Clean    |     127|       0|     107|       0|      12|        |  0:00:01|  0:02:33|
|   71| Filter   |      23|       0|      13|      13|      12|      81|  0:00:03|  0:02:36|
|   72| Filter   |      17|       0|      14|      14|      12|      26|  0:00:01|  0:02:37|
|   73| Filter   |      17|       1|      13|      13|      12|       0|  0:00:01|  0:02:38|
|   74| Filter   |      11|       2|      15|      15|      12|      27|  0:00:01|  0:02:39|
|   75| Filter   |       0|       0|      28|      28|      12|     100|  0:00:00|  0:02:39|
|   75| Recorner |       0|       0|       0|      28|       0|        |  0:00:00|  0:02:39|
|     |          |        |        |        |        |        |        |         |         |
|  #  |   Pass   | Shorts |DRC Errs|Failures|Unroutes|  Vias  |  Reduc |  Time   |  Total  |
|_____|__________|________|________|________|________|________|________|_________|_________|
source {C:/GitHub/OpenHornet/ECAD/PCBs/OH_Specific/Functional/ddi_button_board/~Buttons_DDI.do}
 bus diagonal
 fanout 5
 route 20
 clean 2
 route 25 16
ERR: Execution Aborted...
source {C:/GitHub/OpenHornet/ECAD/PCBs/OH_Specific/Functional/ddi_button_board/~Buttons_DDI.do}
 bus diagonal
 fanout 5
 route 20
 clean 2
 route 25 16
 clean 2
 filter 5
 recorner diagonal
 report status

____________________________________________________________________________________________
ELECTRA Version  8.10
Design        = C:\GitHub\OpenHornet\ECAD\PCBs\OH_Specific\Functional\ddi_button_board\Buttons_DDI.dsn
Report Time   = 14:21:27
Nets          =       91
Components    =       89
Connections   =      172
Vias          =       12
Routed Length = 3536479.2 um
Signal Layers =        2
Power Layers  =        0
Total Pins    =      303
Completion    =   87.79%
Unroutes      =       21
Routing Time  = 02:19:17

____________________________________________________________________________________________
|     |          |        |        |        |        |        |        |         |         |
|  #  |   Pass   | Shorts |DRC Errs|Failures|Unroutes|  Vias  |  Reduc |  Time   |  Total  |
|_____|__________|________|________|________|________|________|________|_________|_________|
|    0| Bus      |       0|       0|       0|     169|       0|        |  0:00:00|  0:00:00|
|    1| Fanout   |       0|       0|     119|     137|      32|        |  0:00:04|  0:00:04|
|    2| Route    |     120|       1|      19|      19|      14|       0|  0:00:02|  0:00:06|
|    3| Route    |     260|       0|       9|       4|      14|       0|  0:00:02|  0:00:08|
|    4| Route    |     224|       5|      13|       3|      13|      11|  0:00:02|  0:00:10|
|    5| Route    |     190|       4|       7|       3|      13|      15|  0:00:01|  0:00:11|
|    6| Route    |     190|       2|       8|       2|      13|       1|  0:00:03|  0:00:14|
|    7| Route    |     197|       3|       9|       1|      14|       0|  0:00:02|  0:00:16|
|    8| Route    |     175|       3|       9|       1|      14|      11|  0:00:03|  0:00:19|
|    9| Route    |     157|       5|      13|       1|      14|       8|  0:00:03|  0:00:22|
|   10| Route    |     155|       5|      15|       1|      14|       1|  0:00:02|  0:00:24|
|   11| Route    |     156|       5|      18|       1|      14|       0|  0:00:03|  0:00:27|
|   12| Route    |     167|       2|       7|       1|      14|       0|  0:00:02|  0:00:29|
|   13| Route    |     160|       4|      11|       1|      14|       2|  0:00:03|  0:00:32|
|   14| Route    |     156|       2|      11|       0|      14|       3|  0:00:02|  0:00:34|
|   15| Route    |     151|       2|      16|       0|      14|       3|  0:00:03|  0:00:37|
|   16| Route    |     150|       7|      17|       0|      14|       0|  0:00:02|  0:00:39|
|   16| Bus      |       0|       0|       0|       0|      14|        |  0:00:01|  0:00:40|
|   17| Fanout   |     150|       7|       0|       0|      14|        |  0:00:00|  0:00:40|
|   18| Fanout   |     150|       7|       0|       0|      14|        |  0:00:01|  0:00:41|
|   19| Fanout   |     150|       7|       0|       0|      14|        |  0:00:01|  0:00:42|
|   20| Fanout   |     150|       7|       0|       0|      14|        |  0:00:00|  0:00:42|
|   21| Fanout   |     150|       7|       0|       0|      14|        |  0:00:01|  0:00:43|
|   22| Route    |     193|       0|       2|       0|      11|       0|  0:00:02|  0:00:45|
|   23| Route    |     194|       0|       3|       0|      11|       0|  0:00:01|  0:00:46|
|   24| Route    |     166|       1|       5|       0|      11|      13|  0:00:02|  0:00:48|
|   25| Route    |     161|       2|       0|       0|      11|       2|  0:00:02|  0:00:50|
|   26| Route    |     147|       0|       4|       0|      11|       9|  0:00:02|  0:00:52|
|   27| Route    |     142|       0|      11|       0|      11|       3|  0:00:02|  0:00:54|
|   28| Route    |     134|       4|      13|       0|      11|       2|  0:00:03|  0:00:57|
|   29| Route    |     135|       0|      15|       0|      11|       2|  0:00:03|  0:01:00|
|   30| Route    |     134|       0|      17|       0|      11|       0|  0:00:02|  0:01:02|
|   31| Route    |     135|       0|      19|       0|      11|       0|  0:00:02|  0:01:04|
|   32| Route    |     131|       2|      14|       0|      11|       1|  0:00:03|  0:01:07|
|   33| Route    |     132|       0|      17|       0|      11|       0|  0:00:02|  0:01:09|
|   34| Route    |     128|       0|      17|       0|      11|       3|  0:00:03|  0:01:12|
|   35| Route    |     128|       0|      19|       0|      11|       0|  0:00:02|  0:01:14|
|   36| Route    |     129|       0|      20|       0|      11|       0|  0:00:03|  0:01:17|
|   37| Route    |     128|       0|      17|       0|      11|       0|  0:00:02|  0:01:19|
|   38| Route    |     130|       2|      19|       0|      11|       0|  0:00:03|  0:01:22|
|   39| Route    |     130|       0|      19|       0|      11|       1|  0:00:02|  0:01:24|
|   40| Route    |     129|       0|      20|       0|      11|       0|  0:00:03|  0:01:27|
|   41| Route    |     129|       0|      21|       0|      11|       0|  0:00:02|  0:01:29|
|   42| Clean    |     129|       0|     107|       0|      12|        |  0:00:02|  0:01:31|
|   43| Clean    |     129|       0|     109|       0|      12|        |  0:00:01|  0:01:32|
|   44| Route    |     129|       0|      20|       0|      12|       0|  0:00:02|  0:01:34|
|   45| Route    |     129|       0|      22|       0|      12|       0|  0:00:02|  0:01:36|
|   46| Route    |     128|       0|      26|       0|      12|       0|  0:00:03|  0:01:39|
|   47| Route    |     129|       0|      24|       0|      12|       0|  0:00:02|  0:01:41|
|   48| Route    |     129|       0|      26|       0|      12|       0|  0:00:02|  0:01:43|
|   49| Route    |     128|       0|      26|       0|      12|       0|  0:00:03|  0:01:46|
|   50| Route    |     129|       0|      26|       0|      12|       0|  0:00:02|  0:01:48|
|   51| Route    |     129|       0|      26|       0|      12|       0|  0:00:02|  0:01:50|
|   52| Route    |     128|       0|      26|       0|      12|       0|  0:00:03|  0:01:53|
|   53| Route    |     128|       0|      26|       0|      12|       0|  0:00:02|  0:01:55|
|   54| Route    |     129|       0|      26|       0|      12|       0|  0:00:02|  0:01:57|
|   55| Route    |     129|       0|      25|       0|      12|       0|  0:00:03|  0:02:00|
|   56| Route    |     127|       0|      26|       0|      12|       1|  0:00:02|  0:02:02|
|   57| Route    |     128|       0|      25|       0|      12|       0|  0:00:02|  0:02:04|
|   58| Route    |     128|      22|      26|       0|      12|       0|  0:00:03|  0:02:07|
|   59| Route    |     128|       0|      26|       0|      12|      14|  0:00:02|  0:02:09|
|   60| Route    |     128|       0|      26|       0|      12|       0|  0:00:02|  0:02:11|
|   61| Route    |     129|       0|      26|       0|      12|       0|  0:00:03|  0:02:14|
|   62| Route    |     128|       0|      26|       0|      12|       0|  0:00:02|  0:02:16|
|   63| Route    |     128|       0|      26|       0|      12|       0|  0:00:02|  0:02:18|
|   64| Route    |     128|       0|      26|       0|      12|       0|  0:00:03|  0:02:21|
|   65| Route    |     127|       0|      25|       0|      12|       0|  0:00:02|  0:02:23|
|   66| Route    |     126|       0|      26|       0|      12|       0|  0:00:02|  0:02:25|
|   67| Route    |     127|       0|      25|       0|      12|       0|  0:00:03|  0:02:28|
|   68| Route    |     127|       0|      26|       0|      12|       0|  0:00:02|  0:02:30|
|   69| Clean    |     127|       0|     106|       0|      12|        |  0:00:02|  0:02:32|
|   70| Clean    |     127|       0|     107|       0|      12|        |  0:00:01|  0:02:33|
|   71| Filter   |      23|       0|      13|      13|      12|      81|  0:00:03|  0:02:36|
|   72| Filter   |      17|       0|      14|      14|      12|      26|  0:00:01|  0:02:37|
|   73| Filter   |      17|       1|      13|      13|      12|       0|  0:00:01|  0:02:38|
|   74| Filter   |      11|       2|      15|      15|      12|      27|  0:00:01|  0:02:39|
|   75| Filter   |       0|       0|      28|      28|      12|     100|  0:00:00|  0:02:39|
|   75| Recorner |       0|       0|       0|      28|       0|        |  0:00:00|  0:02:39|
|   75| Bus      |       0|       0|       0|      28|      12|        |  0:00:00|  0:02:39|
|   76| Fanout   |       0|       0|      23|      28|      12|        |  0:00:05|  0:02:44|
|   77| Route    |      26|       6|      13|      13|      12|       0|  0:00:03|  0:02:47|
|   78| Route    |      34|       5|      22|      12|      12|       0|  0:00:03|  0:02:50|
|   79| Route    |      23|       0|      14|      12|      12|      41|  0:00:04|  0:02:54|
|   80| Route    |      28|       0|      23|      11|      12|       0|  0:00:02|  0:02:56|
|   81| Route    |      29|       0|      15|      10|      12|       0|  0:00:03|  0:02:59|
|   82| Route    |      32|       5|      12|       9|      12|       0|  0:00:03|  0:03:02|
|   83| Route    |      43|       1|      29|       8|      12|       0|  0:00:03|  0:03:05|
|   84| Route    |      35|       0|      14|       8|      12|      20|  0:00:03|  0:03:08|
|   85| Route    |      43|       0|      28|       8|      12|       0|  0:00:02|  0:03:10|
|   86| Route    |      36|       0|      15|       8|      12|      16|  0:00:03|  0:03:13|
|   87| Route    |      38|       0|      15|       8|      12|       0|  0:00:02|  0:03:15|
|   88| Route    |      40|       0|      25|       8|      12|       0|  0:00:03|  0:03:18|
|   89| Route    |      37|       0|      15|       8|      12|       7|  0:00:03|  0:03:21|
|   90| Route    |      42|       2|      26|       8|      12|       0|  0:00:02|  0:03:23|
|   91| Route    |      41|       0|      16|       7|      12|       6|  0:00:03|  0:03:26|
|   92| Route    |      41|       0|      17|       7|      12|       0|  0:00:02|  0:03:28|
|   93| Route    |      47|       0|      27|       7|      12|       0|  0:00:02|  0:03:30|
|   94| Route    |      42|       0|      16|       7|      12|      10|  0:00:03|  0:03:33|
|   95| Route    |      46|       0|      26|       7|      12|       0|  0:00:02|  0:03:35|
|   96| Route    |      41|       0|      15|       7|      12|      10|  0:00:03|  0:03:38|
|   97| Clean    |      41|       0|      96|       7|      12|        |  0:00:01|  0:03:39|
|   98| Clean    |      41|       0|      96|       7|      12|        |  0:00:02|  0:03:41|
|   99| Route    |      41|       0|      16|       7|      12|       0|  0:00:03|  0:03:44|
|  100| Route    |      46|       0|      26|       7|      12|       0|  0:00:02|  0:03:46|
|  101| Route    |      41|       0|      16|       7|      12|      10|  0:00:04|  0:03:50|
|  101| Bus      |       0|       0|       0|       7|      12|        |  0:00:01|  0:03:51|
|  102| Fanout   |      41|       0|       8|       7|      12|        |  0:00:01|  0:03:52|
|  103| Fanout   |      41|       0|       8|       7|      12|        |  0:00:00|  0:03:52|
|  104| Fanout   |      41|       0|       8|       7|      12|        |  0:00:01|  0:03:53|
|  105| Fanout   |      41|       0|       8|       7|      12|        |  0:00:01|  0:03:54|
|  106| Fanout   |      41|       0|       8|       7|      12|        |  0:00:00|  0:03:54|
|  107| Route    |      41|       0|      17|       7|      12|       0|  0:00:03|  0:03:57|
|  108| Route    |      46|       0|      25|       7|      12|       0|  0:00:03|  0:04:00|
|  109| Route    |      41|       0|      18|       7|      12|      10|  0:00:02|  0:04:02|
|  110| Route    |      45|       0|      27|       7|      12|       0|  0:00:03|  0:04:05|
|  111| Route    |      41|       0|      18|       7|      12|       8|  0:00:02|  0:04:07|
|  112| Route    |      41|       0|      16|       7|      12|       0|  0:00:03|  0:04:10|
|  113| Route    |      45|       0|      31|       7|      12|       0|  0:00:02|  0:04:12|
|  114| Route    |      40|       0|      18|       7|      12|      11|  0:00:03|  0:04:15|
|  115| Route    |      44|       0|      30|       7|      12|       0|  0:00:02|  0:04:17|
|  116| Route    |      40|       0|      18|       7|      12|       9|  0:00:03|  0:04:20|
|  117| Route    |      41|       0|      17|       7|      12|       0|  0:00:02|  0:04:22|
|  118| Route    |      47|       0|      24|       7|      12|       0|  0:00:03|  0:04:25|
|  119| Route    |      42|       0|      17|       7|      12|      10|  0:00:02|  0:04:27|
|  120| Route    |      46|       0|      28|       7|      12|       0|  0:00:03|  0:04:30|
|  121| Route    |      42|       0|      17|       7|      12|       8|  0:00:02|  0:04:32|
|  122| Route    |      42|       0|      16|       7|      12|       0|  0:00:03|  0:04:35|
|  123| Route    |      47|       0|      29|       7|      12|       0|  0:00:02|  0:04:37|
|  124| Route    |      41|       0|      17|       7|      12|      12|  0:00:03|  0:04:40|
|  125| Route    |      46|       2|      27|       7|      12|       0|  0:00:02|  0:04:42|
|  126| Route    |      41|       0|      17|       7|      12|      14|  0:00:03|  0:04:45|
|  127| Clean    |      41|       0|      96|       7|      12|        |  0:00:02|  0:04:47|
|  128| Clean    |      41|       0|      93|       7|      12|        |  0:00:01|  0:04:48|
|  129| Route    |      42|       0|      16|       7|      12|       0|  0:00:03|  0:04:51|
|  130| Route    |      47|       0|      27|       7|      12|       0|  0:00:02|  0:04:53|
|  131| Route    |      42|       0|      17|       7|      12|      10|  0:00:03|  0:04:56|
|  132| Route    |      47|       0|      30|       7|      12|       0|  0:00:02|  0:04:58|
|  133| Route    |      41|       0|      17|       7|      12|      12|  0:00:03|  0:05:01|
|  134| Route    |      41|       0|      17|       7|      12|       0|  0:00:02|  0:05:03|
|  135| Route    |      48|       0|      28|       7|      12|       0|  0:00:03|  0:05:06|
|  136| Route    |      42|       0|      17|       7|      12|      12|  0:00:02|  0:05:08|
|  137| Route    |      45|       0|      27|       7|      12|       0|  0:00:03|  0:05:11|
|  138| Route    |      41|       0|      18|       7|      12|       8|  0:00:02|  0:05:13|
|  139| Route    |      42|       0|      16|       7|      12|       0|  0:00:03|  0:05:16|
|  140| Route    |      47|       0|      29|       7|      12|       0|  0:00:02|  0:05:18|
|  141| Route    |      41|       0|      17|       7|      12|      12|  0:00:03|  0:05:21|
|  142| Route    |      46|       0|      28|       7|      12|       0|  0:00:02|  0:05:23|
|  143| Route    |      41|       0|      17|       7|      12|      10|  0:00:03|  0:05:26|
|  144| Route    |      41|       0|      16|       7|      12|       0|  0:00:02|  0:05:28|
|  145| Route    |      46|       0|      29|       7|      12|       0|  0:00:03|  0:05:31|
|  146| Route    |      41|       0|      17|       7|      12|      10|  0:00:02|  0:05:33|
|  147| Route    |      47|       0|      28|       7|      12|       0|  0:00:03|  0:05:36|
|  148| Route    |      40|       0|      17|       7|      12|      14|  0:00:02|  0:05:38|
|  149| Route    |      41|       0|      17|       7|      12|       0|  0:00:03|  0:05:41|
|  150| Route    |      47|       0|      27|       7|      12|       0|  0:00:02|  0:05:43|
|  151| Route    |      41|       0|      18|       7|      12|      12|  0:00:03|  0:05:46|
|  152| Route    |      45|       0|      27|       7|      12|       0|  0:00:03|  0:05:49|
|  153| Route    |      41|       0|      18|       7|      12|       8|  0:00:02|  0:05:51|
|  154| Clean    |      40|       0|      96|       7|      12|        |  0:00:01|  0:05:52|
|  155| Clean    |      40|       0|      91|       7|      12|        |  0:00:01|  0:05:53|
|  156| Filter   |      22|     130|      10|      10|      12|       0|  0:00:02|  0:05:55|
|  157| Filter   |      10|       0|      16|      14|      12|      93|  0:00:02|  0:05:57|
|  158| Filter   |       8|       0|      14|      14|      12|      20|  0:00:00|  0:05:57|
|  159| Filter   |       5|       0|      16|      16|      12|      37|  0:00:01|  0:05:58|
|  160| Filter   |       0|       0|      21|      21|      12|     100|  0:00:01|  0:05:59|
|  160| Recorner |       0|       0|       0|      21|       0|        |  0:00:00|  0:05:59|
|     |          |        |        |        |        |        |        |         |         |
|  #  |   Pass   | Shorts |DRC Errs|Failures|Unroutes|  Vias  |  Reduc |  Time   |  Total  |
